{"/Users/Sudhanshu/Developer/srh/SMS/SMS-Template/consts.js": {"path":"/Users/Sudhanshu/Developer/srh/SMS/SMS-Template/consts.js","statementMap":{"0":{"start":{"line":1,"column":21},"end":{"line":1,"column":54}},"1":{"start":{"line":3,"column":27},"end":{"line":3,"column":65}},"2":{"start":{"line":4,"column":35},"end":{"line":4,"column":82}},"3":{"start":{"line":6,"column":24},"end":{"line":6,"column":60}},"4":{"start":{"line":7,"column":33},"end":{"line":7,"column":78}},"5":{"start":{"line":9,"column":23},"end":{"line":9,"column":58}},"6":{"start":{"line":10,"column":27},"end":{"line":10,"column":66}},"7":{"start":{"line":11,"column":22},"end":{"line":11,"column":56}},"8":{"start":{"line":14,"column":14},"end":{"line":21,"column":2}},"9":{"start":{"line":23,"column":0},"end":{"line":33,"column":2}}},"fnMap":{},"branchMap":{},"s":{"0":0,"1":0,"2":0,"3":0,"4":0,"5":0,"6":0,"7":0,"8":0,"9":0},"f":{},"b":{},"inputSourceMap":null}
,"/Users/Sudhanshu/Developer/srh/SMS/SMS-Template/correlationId.js": {"path":"/Users/Sudhanshu/Developer/srh/SMS/SMS-Template/correlationId.js","statementMap":{"0":{"start":{"line":1,"column":23},"end":{"line":1,"column":38}},"1":{"start":{"line":2,"column":12},"end":{"line":2,"column":33}},"2":{"start":{"line":5,"column":18},"end":{"line":5,"column":54}},"3":{"start":{"line":8,"column":32},"end":{"line":15,"column":1}},"4":{"start":{"line":9,"column":2},"end":{"line":14,"column":5}},"5":{"start":{"line":10,"column":26},"end":{"line":10,"column":69}},"6":{"start":{"line":11,"column":4},"end":{"line":11,"column":50}},"7":{"start":{"line":12,"column":4},"end":{"line":12,"column":53}},"8":{"start":{"line":13,"column":4},"end":{"line":13,"column":11}},"9":{"start":{"line":18,"column":25},"end":{"line":18,"column":70}},"10":{"start":{"line":18,"column":31},"end":{"line":18,"column":70}},"11":{"start":{"line":20,"column":0},"end":{"line":20,"column":63}}},"fnMap":{"0":{"name":"(anonymous_0)","decl":{"start":{"line":8,"column":32},"end":{"line":8,"column":33}},"loc":{"start":{"line":8,"column":52},"end":{"line":15,"column":1}},"line":8},"1":{"name":"(anonymous_1)","decl":{"start":{"line":9,"column":16},"end":{"line":9,"column":17}},"loc":{"start":{"line":9,"column":22},"end":{"line":14,"column":3}},"line":9},"2":{"name":"(anonymous_2)","decl":{"start":{"line":18,"column":25},"end":{"line":18,"column":26}},"loc":{"start":{"line":18,"column":31},"end":{"line":18,"column":70}},"line":18}},"branchMap":{"0":{"loc":{"start":{"line":10,"column":26},"end":{"line":10,"column":69}},"type":"binary-expr","locations":[{"start":{"line":10,"column":26},"end":{"line":10,"column":57}},{"start":{"line":10,"column":61},"end":{"line":10,"column":69}}],"line":10},"1":{"loc":{"start":{"line":18,"column":31},"end":{"line":18,"column":70}},"type":"binary-expr","locations":[{"start":{"line":18,"column":31},"end":{"line":18,"column":61}},{"start":{"line":18,"column":65},"end":{"line":18,"column":70}}],"line":18}},"s":{"0":0,"1":0,"2":0,"3":0,"4":0,"5":0,"6":0,"7":0,"8":0,"9":0,"10":0,"11":0},"f":{"0":0,"1":0,"2":0},"b":{"0":[0,0],"1":[0,0]},"inputSourceMap":null}
,"/Users/Sudhanshu/Developer/srh/SMS/SMS-Template/logging.js": {"path":"/Users/Sudhanshu/Developer/srh/SMS/SMS-Template/logging.js","statementMap":{"0":{"start":{"line":1,"column":45},"end":{"line":1,"column":63}},"1":{"start":{"line":2,"column":35},"end":{"line":2,"column":67}},"2":{"start":{"line":3,"column":29},"end":{"line":3,"column":55}},"3":{"start":{"line":6,"column":21},"end":{"line":14,"column":1}},"4":{"start":{"line":16,"column":20},"end":{"line":35,"column":1}},"5":{"start":{"line":17,"column":20},"end":{"line":33,"column":3}},"6":{"start":{"line":27,"column":31},"end":{"line":32,"column":5}},"7":{"start":{"line":34,"column":2},"end":{"line":34,"column":21}},"8":{"start":{"line":38,"column":28},"end":{"line":59,"column":1}},"9":{"start":{"line":39,"column":17},"end":{"line":57,"column":4}},"10":{"start":{"line":45,"column":8},"end":{"line":50,"column":11}},"11":{"start":{"line":58,"column":2},"end":{"line":58,"column":16}},"12":{"start":{"line":60,"column":24},"end":{"line":60,"column":58}},"13":{"start":{"line":61,"column":27},"end":{"line":61,"column":64}},"14":{"start":{"line":62,"column":31},"end":{"line":62,"column":71}},"15":{"start":{"line":63,"column":26},"end":{"line":63,"column":62}},"16":{"start":{"line":64,"column":29},"end":{"line":64,"column":68}},"17":{"start":{"line":65,"column":25},"end":{"line":65,"column":60}},"18":{"start":{"line":66,"column":0},"end":{"line":73,"column":2}}},"fnMap":{"0":{"name":"(anonymous_0)","decl":{"start":{"line":16,"column":20},"end":{"line":16,"column":21}},"loc":{"start":{"line":16,"column":33},"end":{"line":35,"column":1}},"line":16},"1":{"name":"(anonymous_1)","decl":{"start":{"line":27,"column":17},"end":{"line":27,"column":18}},"loc":{"start":{"line":27,"column":31},"end":{"line":32,"column":5}},"line":27},"2":{"name":"(anonymous_2)","decl":{"start":{"line":38,"column":28},"end":{"line":38,"column":29}},"loc":{"start":{"line":38,"column":41},"end":{"line":59,"column":1}},"line":38},"3":{"name":"(anonymous_3)","decl":{"start":{"line":43,"column":20},"end":{"line":43,"column":21}},"loc":{"start":{"line":43,"column":55},"end":{"line":51,"column":7}},"line":43}},"branchMap":{"0":{"loc":{"start":{"line":29,"column":17},"end":{"line":29,"column":62}},"type":"binary-expr","locations":[{"start":{"line":29,"column":17},"end":{"line":29,"column":34}},{"start":{"line":29,"column":38},"end":{"line":29,"column":62}}],"line":29},"1":{"loc":{"start":{"line":30,"column":21},"end":{"line":30,"column":48}},"type":"binary-expr","locations":[{"start":{"line":30,"column":21},"end":{"line":30,"column":39}},{"start":{"line":30,"column":43},"end":{"line":30,"column":48}}],"line":30},"2":{"loc":{"start":{"line":49,"column":25},"end":{"line":49,"column":52}},"type":"binary-expr","locations":[{"start":{"line":49,"column":25},"end":{"line":49,"column":43}},{"start":{"line":49,"column":47},"end":{"line":49,"column":52}}],"line":49}},"s":{"0":0,"1":0,"2":0,"3":0,"4":0,"5":0,"6":0,"7":0,"8":0,"9":0,"10":0,"11":0,"12":0,"13":0,"14":0,"15":0,"16":0,"17":0,"18":0},"f":{"0":0,"1":0,"2":0,"3":0},"b":{"0":[0,0],"1":[0,0],"2":[0,0]},"inputSourceMap":null}
,"/Users/Sudhanshu/Developer/srh/SMS/SMS-Template/authService/index.js": {"path":"/Users/Sudhanshu/Developer/srh/SMS/SMS-Template/authService/index.js","statementMap":{"0":{"start":{"line":1,"column":15},"end":{"line":1,"column":32}},"1":{"start":{"line":2,"column":13},"end":{"line":2,"column":28}},"2":{"start":{"line":3,"column":0},"end":{"line":3,"column":54}},"3":{"start":{"line":5,"column":16},"end":{"line":5,"column":34}},"4":{"start":{"line":6,"column":18},"end":{"line":6,"column":47}},"5":{"start":{"line":8,"column":23},"end":{"line":8,"column":62}},"6":{"start":{"line":9,"column":19},"end":{"line":9,"column":54}},"7":{"start":{"line":12,"column":12},"end":{"line":12,"column":21}},"8":{"start":{"line":15,"column":0},"end":{"line":15,"column":24}},"9":{"start":{"line":17,"column":54},"end":{"line":17,"column":81}},"10":{"start":{"line":18,"column":30},"end":{"line":18,"column":51}},"11":{"start":{"line":21,"column":0},"end":{"line":21,"column":33}},"12":{"start":{"line":24,"column":16},"end":{"line":29,"column":2}},"13":{"start":{"line":32,"column":0},"end":{"line":32,"column":50}},"14":{"start":{"line":35,"column":0},"end":{"line":35,"column":17}},"15":{"start":{"line":38,"column":0},"end":{"line":41,"column":3}},"16":{"start":{"line":39,"column":2},"end":{"line":39,"column":89}},"17":{"start":{"line":40,"column":2},"end":{"line":40,"column":9}},"18":{"start":{"line":44,"column":0},"end":{"line":44,"column":34}},"19":{"start":{"line":47,"column":0},"end":{"line":50,"column":3}},"20":{"start":{"line":48,"column":2},"end":{"line":48,"column":96}},"21":{"start":{"line":49,"column":2},"end":{"line":49,"column":61}},"22":{"start":{"line":53,"column":13},"end":{"line":53,"column":37}},"23":{"start":{"line":54,"column":0},"end":{"line":56,"column":3}},"24":{"start":{"line":55,"column":2},"end":{"line":55,"column":64}}},"fnMap":{"0":{"name":"(anonymous_0)","decl":{"start":{"line":38,"column":8},"end":{"line":38,"column":9}},"loc":{"start":{"line":38,"column":28},"end":{"line":41,"column":1}},"line":38},"1":{"name":"(anonymous_1)","decl":{"start":{"line":47,"column":8},"end":{"line":47,"column":9}},"loc":{"start":{"line":47,"column":33},"end":{"line":50,"column":1}},"line":47},"2":{"name":"(anonymous_2)","decl":{"start":{"line":54,"column":17},"end":{"line":54,"column":18}},"loc":{"start":{"line":54,"column":23},"end":{"line":56,"column":1}},"line":54}},"branchMap":{"0":{"loc":{"start":{"line":48,"column":46},"end":{"line":48,"column":64}},"type":"binary-expr","locations":[{"start":{"line":48,"column":46},"end":{"line":48,"column":49}},{"start":{"line":48,"column":53},"end":{"line":48,"column":64}}],"line":48},"1":{"loc":{"start":{"line":53,"column":13},"end":{"line":53,"column":37}},"type":"binary-expr","locations":[{"start":{"line":53,"column":13},"end":{"line":53,"column":29}},{"start":{"line":53,"column":33},"end":{"line":53,"column":37}}],"line":53}},"s":{"0":0,"1":0,"2":0,"3":0,"4":0,"5":0,"6":0,"7":0,"8":0,"9":0,"10":0,"11":0,"12":0,"13":0,"14":0,"15":0,"16":0,"17":0,"18":0,"19":0,"20":0,"21":0,"22":0,"23":0,"24":0},"f":{"0":0,"1":0,"2":0},"b":{"0":[0,0],"1":[0,0]},"inputSourceMap":null}
,"/Users/Sudhanshu/Developer/srh/SMS/SMS-Template/authService/routes/auth/loginRoute.js": {"path":"/Users/Sudhanshu/Developer/srh/SMS/SMS-Template/authService/routes/auth/loginRoute.js","statementMap":{"0":{"start":{"line":1,"column":16},"end":{"line":1,"column":34}},"1":{"start":{"line":2,"column":15},"end":{"line":2,"column":34}},"2":{"start":{"line":3,"column":15},"end":{"line":3,"column":32}},"3":{"start":{"line":4,"column":14},"end":{"line":4,"column":30}},"4":{"start":{"line":5,"column":30},"end":{"line":5,"column":57}},"5":{"start":{"line":6,"column":29},"end":{"line":6,"column":62}},"6":{"start":{"line":12,"column":4},"end":{"line":12,"column":21}},"7":{"start":{"line":13,"column":18},"end":{"line":13,"column":44}},"8":{"start":{"line":16,"column":15},"end":{"line":16,"column":31}},"9":{"start":{"line":18,"column":0},"end":{"line":18,"column":16}},"10":{"start":{"line":21,"column":0},"end":{"line":59,"column":3}},"11":{"start":{"line":22,"column":30},"end":{"line":22,"column":38}},"12":{"start":{"line":24,"column":2},"end":{"line":58,"column":3}},"13":{"start":{"line":25,"column":4},"end":{"line":29,"column":5}},"14":{"start":{"line":26,"column":6},"end":{"line":28,"column":62}},"15":{"start":{"line":32,"column":21},"end":{"line":32,"column":42}},"16":{"start":{"line":35,"column":20},"end":{"line":35,"column":59}},"17":{"start":{"line":35,"column":41},"end":{"line":35,"column":58}},"18":{"start":{"line":36,"column":4},"end":{"line":38,"column":5}},"19":{"start":{"line":37,"column":6},"end":{"line":37,"column":70}},"20":{"start":{"line":41,"column":20},"end":{"line":41,"column":68}},"21":{"start":{"line":42,"column":4},"end":{"line":44,"column":5}},"22":{"start":{"line":43,"column":6},"end":{"line":43,"column":70}},"23":{"start":{"line":47,"column":18},"end":{"line":50,"column":6}},"24":{"start":{"line":52,"column":4},"end":{"line":52,"column":71}},"25":{"start":{"line":53,"column":4},"end":{"line":53,"column":57}},"26":{"start":{"line":56,"column":4},"end":{"line":56,"column":69}},"27":{"start":{"line":57,"column":4},"end":{"line":57,"column":54}},"28":{"start":{"line":62,"column":0},"end":{"line":100,"column":3}},"29":{"start":{"line":63,"column":30},"end":{"line":63,"column":38}},"30":{"start":{"line":65,"column":2},"end":{"line":99,"column":3}},"31":{"start":{"line":66,"column":4},"end":{"line":70,"column":5}},"32":{"start":{"line":67,"column":6},"end":{"line":69,"column":62}},"33":{"start":{"line":73,"column":23},"end":{"line":73,"column":46}},"34":{"start":{"line":76,"column":22},"end":{"line":76,"column":63}},"35":{"start":{"line":76,"column":45},"end":{"line":76,"column":62}},"36":{"start":{"line":77,"column":4},"end":{"line":79,"column":5}},"37":{"start":{"line":78,"column":6},"end":{"line":78,"column":70}},"38":{"start":{"line":82,"column":20},"end":{"line":82,"column":70}},"39":{"start":{"line":83,"column":4},"end":{"line":85,"column":5}},"40":{"start":{"line":84,"column":6},"end":{"line":84,"column":70}},"41":{"start":{"line":88,"column":18},"end":{"line":91,"column":6}},"42":{"start":{"line":93,"column":4},"end":{"line":93,"column":75}},"43":{"start":{"line":94,"column":4},"end":{"line":94,"column":57}},"44":{"start":{"line":97,"column":4},"end":{"line":97,"column":71}},"45":{"start":{"line":98,"column":4},"end":{"line":98,"column":54}},"46":{"start":{"line":103,"column":0},"end":{"line":132,"column":3}},"47":{"start":{"line":104,"column":30},"end":{"line":104,"column":38}},"48":{"start":{"line":106,"column":2},"end":{"line":131,"column":3}},"49":{"start":{"line":107,"column":4},"end":{"line":111,"column":5}},"50":{"start":{"line":108,"column":6},"end":{"line":110,"column":62}},"51":{"start":{"line":113,"column":23},"end":{"line":113,"column":40}},"52":{"start":{"line":114,"column":26},"end":{"line":114,"column":52}},"53":{"start":{"line":116,"column":4},"end":{"line":118,"column":5}},"54":{"start":{"line":117,"column":6},"end":{"line":117,"column":70}},"55":{"start":{"line":120,"column":18},"end":{"line":123,"column":6}},"56":{"start":{"line":125,"column":4},"end":{"line":125,"column":53}},"57":{"start":{"line":126,"column":4},"end":{"line":126,"column":57}},"58":{"start":{"line":129,"column":4},"end":{"line":129,"column":67}},"59":{"start":{"line":130,"column":4},"end":{"line":130,"column":54}},"60":{"start":{"line":134,"column":0},"end":{"line":134,"column":24}},"61":{"start":{"line":137,"column":0},"end":{"line":148,"column":3}},"62":{"start":{"line":138,"column":2},"end":{"line":147,"column":3}},"63":{"start":{"line":139,"column":4},"end":{"line":142,"column":7}},"64":{"start":{"line":143,"column":4},"end":{"line":143,"column":64}},"65":{"start":{"line":145,"column":4},"end":{"line":145,"column":103}},"66":{"start":{"line":146,"column":4},"end":{"line":146,"column":95}}},"fnMap":{"0":{"name":"(anonymous_0)","decl":{"start":{"line":21,"column":24},"end":{"line":21,"column":25}},"loc":{"start":{"line":21,"column":44},"end":{"line":59,"column":1}},"line":21},"1":{"name":"(anonymous_1)","decl":{"start":{"line":35,"column":34},"end":{"line":35,"column":35}},"loc":{"start":{"line":35,"column":41},"end":{"line":35,"column":58}},"line":35},"2":{"name":"(anonymous_2)","decl":{"start":{"line":62,"column":26},"end":{"line":62,"column":27}},"loc":{"start":{"line":62,"column":46},"end":{"line":100,"column":1}},"line":62},"3":{"name":"(anonymous_3)","decl":{"start":{"line":76,"column":38},"end":{"line":76,"column":39}},"loc":{"start":{"line":76,"column":45},"end":{"line":76,"column":62}},"line":76},"4":{"name":"(anonymous_4)","decl":{"start":{"line":103,"column":22},"end":{"line":103,"column":23}},"loc":{"start":{"line":103,"column":42},"end":{"line":132,"column":1}},"line":103},"5":{"name":"(anonymous_5)","decl":{"start":{"line":137,"column":37},"end":{"line":137,"column":38}},"loc":{"start":{"line":137,"column":57},"end":{"line":148,"column":1}},"line":137}},"branchMap":{"0":{"loc":{"start":{"line":25,"column":4},"end":{"line":29,"column":5}},"type":"if","locations":[{"start":{"line":25,"column":4},"end":{"line":29,"column":5}},{"start":{},"end":{}}],"line":25},"1":{"loc":{"start":{"line":25,"column":8},"end":{"line":25,"column":27}},"type":"binary-expr","locations":[{"start":{"line":25,"column":8},"end":{"line":25,"column":14}},{"start":{"line":25,"column":18},"end":{"line":25,"column":27}}],"line":25},"2":{"loc":{"start":{"line":36,"column":4},"end":{"line":38,"column":5}},"type":"if","locations":[{"start":{"line":36,"column":4},"end":{"line":38,"column":5}},{"start":{},"end":{}}],"line":36},"3":{"loc":{"start":{"line":42,"column":4},"end":{"line":44,"column":5}},"type":"if","locations":[{"start":{"line":42,"column":4},"end":{"line":44,"column":5}},{"start":{},"end":{}}],"line":42},"4":{"loc":{"start":{"line":66,"column":4},"end":{"line":70,"column":5}},"type":"if","locations":[{"start":{"line":66,"column":4},"end":{"line":70,"column":5}},{"start":{},"end":{}}],"line":66},"5":{"loc":{"start":{"line":66,"column":8},"end":{"line":66,"column":27}},"type":"binary-expr","locations":[{"start":{"line":66,"column":8},"end":{"line":66,"column":14}},{"start":{"line":66,"column":18},"end":{"line":66,"column":27}}],"line":66},"6":{"loc":{"start":{"line":77,"column":4},"end":{"line":79,"column":5}},"type":"if","locations":[{"start":{"line":77,"column":4},"end":{"line":79,"column":5}},{"start":{},"end":{}}],"line":77},"7":{"loc":{"start":{"line":83,"column":4},"end":{"line":85,"column":5}},"type":"if","locations":[{"start":{"line":83,"column":4},"end":{"line":85,"column":5}},{"start":{},"end":{}}],"line":83},"8":{"loc":{"start":{"line":107,"column":4},"end":{"line":111,"column":5}},"type":"if","locations":[{"start":{"line":107,"column":4},"end":{"line":111,"column":5}},{"start":{},"end":{}}],"line":107},"9":{"loc":{"start":{"line":107,"column":8},"end":{"line":107,"column":27}},"type":"binary-expr","locations":[{"start":{"line":107,"column":8},"end":{"line":107,"column":14}},{"start":{"line":107,"column":18},"end":{"line":107,"column":27}}],"line":107},"10":{"loc":{"start":{"line":116,"column":4},"end":{"line":118,"column":5}},"type":"if","locations":[{"start":{"line":116,"column":4},"end":{"line":118,"column":5}},{"start":{},"end":{}}],"line":116},"11":{"loc":{"start":{"line":116,"column":8},"end":{"line":116,"column":58}},"type":"binary-expr","locations":[{"start":{"line":116,"column":8},"end":{"line":116,"column":28}},{"start":{"line":116,"column":32},"end":{"line":116,"column":58}}],"line":116},"12":{"loc":{"start":{"line":145,"column":53},"end":{"line":145,"column":71}},"type":"binary-expr","locations":[{"start":{"line":145,"column":53},"end":{"line":145,"column":56}},{"start":{"line":145,"column":60},"end":{"line":145,"column":71}}],"line":145}},"s":{"0":0,"1":0,"2":0,"3":0,"4":0,"5":0,"6":0,"7":0,"8":0,"9":0,"10":0,"11":0,"12":0,"13":0,"14":0,"15":0,"16":0,"17":0,"18":0,"19":0,"20":0,"21":0,"22":0,"23":0,"24":0,"25":0,"26":0,"27":0,"28":0,"29":0,"30":0,"31":0,"32":0,"33":0,"34":0,"35":0,"36":0,"37":0,"38":0,"39":0,"40":0,"41":0,"42":0,"43":0,"44":0,"45":0,"46":0,"47":0,"48":0,"49":0,"50":0,"51":0,"52":0,"53":0,"54":0,"55":0,"56":0,"57":0,"58":0,"59":0,"60":0,"61":0,"62":0,"63":0,"64":0,"65":0,"66":0},"f":{"0":0,"1":0,"2":0,"3":0,"4":0,"5":0},"b":{"0":[0,0],"1":[0,0],"2":[0,0],"3":[0,0],"4":[0,0],"5":[0,0],"6":[0,0],"7":[0,0],"8":[0,0],"9":[0,0],"10":[0,0],"11":[0,0],"12":[0,0]},"inputSourceMap":null}
,"/Users/Sudhanshu/Developer/srh/SMS/SMS-Template/authService/routes/auth/publicKeyRoute.js": {"path":"/Users/Sudhanshu/Developer/srh/SMS/SMS-Template/authService/routes/auth/publicKeyRoute.js","statementMap":{"0":{"start":{"line":1,"column":16},"end":{"line":1,"column":34}},"1":{"start":{"line":2,"column":15},"end":{"line":2,"column":31}},"2":{"start":{"line":3,"column":11},"end":{"line":3,"column":24}},"3":{"start":{"line":4,"column":13},"end":{"line":4,"column":28}},"4":{"start":{"line":5,"column":15},"end":{"line":5,"column":32}},"5":{"start":{"line":6,"column":16},"end":{"line":6,"column":33}},"6":{"start":{"line":9,"column":18},"end":{"line":12,"column":1}},"7":{"start":{"line":15,"column":0},"end":{"line":35,"column":3}},"8":{"start":{"line":16,"column":2},"end":{"line":34,"column":3}},"9":{"start":{"line":17,"column":16},"end":{"line":17,"column":75}},"10":{"start":{"line":18,"column":22},"end":{"line":29,"column":5}},"11":{"start":{"line":30,"column":4},"end":{"line":30,"column":24}},"12":{"start":{"line":32,"column":4},"end":{"line":32,"column":50}},"13":{"start":{"line":33,"column":4},"end":{"line":33,"column":69}},"14":{"start":{"line":37,"column":0},"end":{"line":37,"column":24}}},"fnMap":{"0":{"name":"(anonymous_0)","decl":{"start":{"line":15,"column":16},"end":{"line":15,"column":17}},"loc":{"start":{"line":15,"column":30},"end":{"line":35,"column":1}},"line":15}},"branchMap":{},"s":{"0":0,"1":0,"2":0,"3":0,"4":0,"5":0,"6":0,"7":0,"8":0,"9":0,"10":0,"11":0,"12":0,"13":0,"14":0},"f":{"0":0},"b":{},"inputSourceMap":null}
,"/Users/Sudhanshu/Developer/srh/SMS/SMS-Template/authService/routes/auth/util.js": {"path":"/Users/Sudhanshu/Developer/srh/SMS/SMS-Template/authService/routes/auth/util.js","statementMap":{"0":{"start":{"line":1,"column":11},"end":{"line":1,"column":24}},"1":{"start":{"line":2,"column":12},"end":{"line":2,"column":35}},"2":{"start":{"line":3,"column":13},"end":{"line":3,"column":28}},"3":{"start":{"line":4,"column":15},"end":{"line":4,"column":32}},"4":{"start":{"line":5,"column":14},"end":{"line":5,"column":30}},"5":{"start":{"line":6,"column":29},"end":{"line":6,"column":62}},"6":{"start":{"line":7,"column":30},"end":{"line":7,"column":57}},"7":{"start":{"line":12,"column":4},"end":{"line":12,"column":30}},"8":{"start":{"line":14,"column":0},"end":{"line":14,"column":16}},"9":{"start":{"line":17,"column":19},"end":{"line":20,"column":1}},"10":{"start":{"line":21,"column":18},"end":{"line":24,"column":1}},"11":{"start":{"line":26,"column":12},"end":{"line":26,"column":15}},"12":{"start":{"line":27,"column":12},"end":{"line":27,"column":72}},"13":{"start":{"line":30,"column":22},"end":{"line":33,"column":1}},"14":{"start":{"line":37,"column":2},"end":{"line":41,"column":5}},"15":{"start":{"line":46,"column":2},"end":{"line":50,"column":3}},"16":{"start":{"line":47,"column":4},"end":{"line":47,"column":67}},"17":{"start":{"line":49,"column":4},"end":{"line":49,"column":37}},"18":{"start":{"line":54,"column":22},"end":{"line":54,"column":43}},"19":{"start":{"line":55,"column":22},"end":{"line":55,"column":36}},"20":{"start":{"line":56,"column":0},"end":{"line":63,"column":3}},"21":{"start":{"line":57,"column":2},"end":{"line":61,"column":16}},"22":{"start":{"line":58,"column":16},"end":{"line":58,"column":34}},"23":{"start":{"line":59,"column":4},"end":{"line":59,"column":54}},"24":{"start":{"line":59,"column":13},"end":{"line":59,"column":54}},"25":{"start":{"line":60,"column":4},"end":{"line":60,"column":92}},"26":{"start":{"line":62,"column":2},"end":{"line":62,"column":16}},"27":{"start":{"line":64,"column":0},"end":{"line":67,"column":3}},"28":{"start":{"line":64,"column":47},"end":{"line":64,"column":48}},"29":{"start":{"line":65,"column":2},"end":{"line":65,"column":125}},"30":{"start":{"line":65,"column":8},"end":{"line":65,"column":110}},"31":{"start":{"line":66,"column":2},"end":{"line":66,"column":29}},"32":{"start":{"line":70,"column":14},"end":{"line":70,"column":42}},"33":{"start":{"line":71,"column":2},"end":{"line":71,"column":23}},"34":{"start":{"line":74,"column":14},"end":{"line":74,"column":45}},"35":{"start":{"line":74,"column":31},"end":{"line":74,"column":44}},"36":{"start":{"line":75,"column":2},"end":{"line":75,"column":53}},"37":{"start":{"line":75,"column":12},"end":{"line":75,"column":53}},"38":{"start":{"line":76,"column":2},"end":{"line":76,"column":79}},"39":{"start":{"line":79,"column":24},"end":{"line":79,"column":68}},"40":{"start":{"line":80,"column":28},"end":{"line":80,"column":41}},"41":{"start":{"line":82,"column":2},"end":{"line":84,"column":3}},"42":{"start":{"line":83,"column":4},"end":{"line":83,"column":60}},"43":{"start":{"line":86,"column":2},"end":{"line":88,"column":3}},"44":{"start":{"line":86,"column":38},"end":{"line":86,"column":60}},"45":{"start":{"line":87,"column":4},"end":{"line":87,"column":44}},"46":{"start":{"line":90,"column":2},"end":{"line":92,"column":3}},"47":{"start":{"line":91,"column":4},"end":{"line":91,"column":53}},"48":{"start":{"line":94,"column":15},"end":{"line":94,"column":35}},"49":{"start":{"line":95,"column":20},"end":{"line":95,"column":51}},"50":{"start":{"line":97,"column":2},"end":{"line":97,"column":65}},"51":{"start":{"line":101,"column":16},"end":{"line":104,"column":4}},"52":{"start":{"line":105,"column":19},"end":{"line":107,"column":4}},"53":{"start":{"line":108,"column":2},"end":{"line":108,"column":23}},"54":{"start":{"line":112,"column":16},"end":{"line":115,"column":4}},"55":{"start":{"line":116,"column":19},"end":{"line":118,"column":4}},"56":{"start":{"line":119,"column":2},"end":{"line":119,"column":23}},"57":{"start":{"line":123,"column":2},"end":{"line":138,"column":4}},"58":{"start":{"line":124,"column":18},"end":{"line":124,"column":86}},"59":{"start":{"line":125,"column":4},"end":{"line":127,"column":5}},"60":{"start":{"line":126,"column":6},"end":{"line":126,"column":78}},"61":{"start":{"line":128,"column":4},"end":{"line":137,"column":5}},"62":{"start":{"line":129,"column":22},"end":{"line":129,"column":51}},"63":{"start":{"line":130,"column":6},"end":{"line":132,"column":7}},"64":{"start":{"line":131,"column":8},"end":{"line":131,"column":81}},"65":{"start":{"line":133,"column":6},"end":{"line":133,"column":25}},"66":{"start":{"line":134,"column":6},"end":{"line":134,"column":13}},"67":{"start":{"line":136,"column":6},"end":{"line":136,"column":75}},"68":{"start":{"line":141,"column":0},"end":{"line":149,"column":2}}},"fnMap":{"0":{"name":"generateJWTWithPrivateKey","decl":{"start":{"line":36,"column":9},"end":{"line":36,"column":34}},"loc":{"start":{"line":36,"column":44},"end":{"line":42,"column":1}},"line":36},"1":{"name":"verifyJWTWithPublicKey","decl":{"start":{"line":45,"column":9},"end":{"line":45,"column":31}},"loc":{"start":{"line":45,"column":39},"end":{"line":51,"column":1}},"line":45},"2":{"name":"(anonymous_2)","decl":{"start":{"line":56,"column":39},"end":{"line":56,"column":40}},"loc":{"start":{"line":56,"column":51},"end":{"line":63,"column":1}},"line":56},"3":{"name":"(anonymous_3)","decl":{"start":{"line":64,"column":40},"end":{"line":64,"column":41}},"loc":{"start":{"line":64,"column":47},"end":{"line":64,"column":48}},"line":64},"4":{"name":"(anonymous_4)","decl":{"start":{"line":64,"column":50},"end":{"line":64,"column":51}},"loc":{"start":{"line":64,"column":59},"end":{"line":67,"column":1}},"line":64},"5":{"name":"fetchJWKS","decl":{"start":{"line":69,"column":15},"end":{"line":69,"column":24}},"loc":{"start":{"line":69,"column":30},"end":{"line":72,"column":1}},"line":69},"6":{"name":"getPublicKeyFromJWKS","decl":{"start":{"line":73,"column":9},"end":{"line":73,"column":29}},"loc":{"start":{"line":73,"column":41},"end":{"line":77,"column":1}},"line":73},"7":{"name":"(anonymous_7)","decl":{"start":{"line":74,"column":24},"end":{"line":74,"column":25}},"loc":{"start":{"line":74,"column":31},"end":{"line":74,"column":44}},"line":74},"8":{"name":"verifyJWTWithJWKS","decl":{"start":{"line":78,"column":15},"end":{"line":78,"column":32}},"loc":{"start":{"line":78,"column":40},"end":{"line":98,"column":1}},"line":78},"9":{"name":"(anonymous_9)","decl":{"start":{"line":86,"column":26},"end":{"line":86,"column":27}},"loc":{"start":{"line":86,"column":38},"end":{"line":86,"column":60}},"line":86},"10":{"name":"fetchStudents","decl":{"start":{"line":100,"column":15},"end":{"line":100,"column":28}},"loc":{"start":{"line":100,"column":31},"end":{"line":109,"column":1}},"line":100},"11":{"name":"fetchProfessors","decl":{"start":{"line":111,"column":15},"end":{"line":111,"column":30}},"loc":{"start":{"line":111,"column":33},"end":{"line":120,"column":1}},"line":111},"12":{"name":"verifyRole","decl":{"start":{"line":122,"column":9},"end":{"line":122,"column":19}},"loc":{"start":{"line":122,"column":34},"end":{"line":139,"column":1}},"line":122},"13":{"name":"(anonymous_13)","decl":{"start":{"line":123,"column":9},"end":{"line":123,"column":10}},"loc":{"start":{"line":123,"column":29},"end":{"line":138,"column":3}},"line":123}},"branchMap":{"0":{"loc":{"start":{"line":59,"column":4},"end":{"line":59,"column":54}},"type":"if","locations":[{"start":{"line":59,"column":4},"end":{"line":59,"column":54}},{"start":{},"end":{}}],"line":59},"1":{"loc":{"start":{"line":65,"column":60},"end":{"line":65,"column":78}},"type":"binary-expr","locations":[{"start":{"line":65,"column":60},"end":{"line":65,"column":63}},{"start":{"line":65,"column":67},"end":{"line":65,"column":78}}],"line":65},"2":{"loc":{"start":{"line":75,"column":2},"end":{"line":75,"column":53}},"type":"if","locations":[{"start":{"line":75,"column":2},"end":{"line":75,"column":53}},{"start":{},"end":{}}],"line":75},"3":{"loc":{"start":{"line":82,"column":2},"end":{"line":84,"column":3}},"type":"if","locations":[{"start":{"line":82,"column":2},"end":{"line":84,"column":3}},{"start":{},"end":{}}],"line":82},"4":{"loc":{"start":{"line":82,"column":6},"end":{"line":82,"column":18}},"type":"binary-expr","locations":[{"start":{"line":82,"column":6},"end":{"line":82,"column":10}},{"start":{"line":82,"column":14},"end":{"line":82,"column":18}}],"line":82},"5":{"loc":{"start":{"line":86,"column":2},"end":{"line":88,"column":3}},"type":"if","locations":[{"start":{"line":86,"column":2},"end":{"line":88,"column":3}},{"start":{},"end":{}}],"line":86},"6":{"loc":{"start":{"line":90,"column":2},"end":{"line":92,"column":3}},"type":"if","locations":[{"start":{"line":90,"column":2},"end":{"line":92,"column":3}},{"start":{},"end":{}}],"line":90},"7":{"loc":{"start":{"line":124,"column":18},"end":{"line":124,"column":86}},"type":"binary-expr","locations":[{"start":{"line":124,"column":18},"end":{"line":124,"column":43}},{"start":{"line":124,"column":47},"end":{"line":124,"column":86}}],"line":124},"8":{"loc":{"start":{"line":125,"column":4},"end":{"line":127,"column":5}},"type":"if","locations":[{"start":{"line":125,"column":4},"end":{"line":127,"column":5}},{"start":{},"end":{}}],"line":125},"9":{"loc":{"start":{"line":130,"column":6},"end":{"line":132,"column":7}},"type":"if","locations":[{"start":{"line":130,"column":6},"end":{"line":132,"column":7}},{"start":{},"end":{}}],"line":130},"10":{"loc":{"start":{"line":130,"column":10},"end":{"line":130,"column":56}},"type":"binary-expr","locations":[{"start":{"line":130,"column":10},"end":{"line":130,"column":23}},{"start":{"line":130,"column":27},"end":{"line":130,"column":56}}],"line":130}},"s":{"0":0,"1":0,"2":0,"3":0,"4":0,"5":0,"6":0,"7":0,"8":0,"9":0,"10":0,"11":0,"12":0,"13":0,"14":0,"15":0,"16":0,"17":0,"18":0,"19":0,"20":0,"21":0,"22":0,"23":0,"24":0,"25":0,"26":0,"27":0,"28":0,"29":0,"30":0,"31":0,"32":0,"33":0,"34":0,"35":0,"36":0,"37":0,"38":0,"39":0,"40":0,"41":0,"42":0,"43":0,"44":0,"45":0,"46":0,"47":0,"48":0,"49":0,"50":0,"51":0,"52":0,"53":0,"54":0,"55":0,"56":0,"57":0,"58":0,"59":0,"60":0,"61":0,"62":0,"63":0,"64":0,"65":0,"66":0,"67":0,"68":0},"f":{"0":0,"1":0,"2":0,"3":0,"4":0,"5":0,"6":0,"7":0,"8":0,"9":0,"10":0,"11":0,"12":0,"13":0},"b":{"0":[0,0],"1":[0,0],"2":[0,0],"3":[0,0],"4":[0,0],"5":[0,0],"6":[0,0],"7":[0,0],"8":[0,0],"9":[0,0],"10":[0,0]},"inputSourceMap":null}
,"/Users/Sudhanshu/Developer/srh/SMS/SMS-Template/courseService/index.js": {"path":"/Users/Sudhanshu/Developer/srh/SMS/SMS-Template/courseService/index.js","statementMap":{"0":{"start":{"line":1,"column":15},"end":{"line":1,"column":32}},"1":{"start":{"line":2,"column":13},"end":{"line":2,"column":28}},"2":{"start":{"line":3,"column":0},"end":{"line":3,"column":54}},"3":{"start":{"line":5,"column":16},"end":{"line":5,"column":34}},"4":{"start":{"line":6,"column":18},"end":{"line":6,"column":40}},"5":{"start":{"line":8,"column":21},"end":{"line":8,"column":52}},"6":{"start":{"line":11,"column":12},"end":{"line":11,"column":21}},"7":{"start":{"line":14,"column":0},"end":{"line":14,"column":12}},"8":{"start":{"line":17,"column":0},"end":{"line":17,"column":24}},"9":{"start":{"line":19,"column":54},"end":{"line":19,"column":81}},"10":{"start":{"line":20,"column":32},"end":{"line":20,"column":53}},"11":{"start":{"line":23,"column":0},"end":{"line":23,"column":33}},"12":{"start":{"line":26,"column":0},"end":{"line":29,"column":3}},"13":{"start":{"line":27,"column":2},"end":{"line":27,"column":91}},"14":{"start":{"line":28,"column":2},"end":{"line":28,"column":9}},"15":{"start":{"line":31,"column":0},"end":{"line":31,"column":38}},"16":{"start":{"line":34,"column":0},"end":{"line":37,"column":3}},"17":{"start":{"line":35,"column":2},"end":{"line":35,"column":98}},"18":{"start":{"line":36,"column":2},"end":{"line":36,"column":61}},"19":{"start":{"line":40,"column":13},"end":{"line":40,"column":37}},"20":{"start":{"line":41,"column":0},"end":{"line":43,"column":3}},"21":{"start":{"line":42,"column":2},"end":{"line":42,"column":68}}},"fnMap":{"0":{"name":"(anonymous_0)","decl":{"start":{"line":26,"column":8},"end":{"line":26,"column":9}},"loc":{"start":{"line":26,"column":28},"end":{"line":29,"column":1}},"line":26},"1":{"name":"(anonymous_1)","decl":{"start":{"line":34,"column":8},"end":{"line":34,"column":9}},"loc":{"start":{"line":34,"column":33},"end":{"line":37,"column":1}},"line":34},"2":{"name":"(anonymous_2)","decl":{"start":{"line":41,"column":17},"end":{"line":41,"column":18}},"loc":{"start":{"line":41,"column":23},"end":{"line":43,"column":1}},"line":41}},"branchMap":{"0":{"loc":{"start":{"line":35,"column":48},"end":{"line":35,"column":66}},"type":"binary-expr","locations":[{"start":{"line":35,"column":48},"end":{"line":35,"column":51}},{"start":{"line":35,"column":55},"end":{"line":35,"column":66}}],"line":35},"1":{"loc":{"start":{"line":40,"column":13},"end":{"line":40,"column":37}},"type":"binary-expr","locations":[{"start":{"line":40,"column":13},"end":{"line":40,"column":29}},{"start":{"line":40,"column":33},"end":{"line":40,"column":37}}],"line":40}},"s":{"0":0,"1":0,"2":0,"3":0,"4":0,"5":0,"6":0,"7":0,"8":0,"9":0,"10":0,"11":0,"12":0,"13":0,"14":0,"15":0,"16":0,"17":0,"18":0,"19":0,"20":0,"21":0},"f":{"0":0,"1":0,"2":0},"b":{"0":[0,0],"1":[0,0]},"inputSourceMap":null}
,"/Users/Sudhanshu/Developer/srh/SMS/SMS-Template/courseService/config/db.js": {"path":"/Users/Sudhanshu/Developer/srh/SMS/SMS-Template/courseService/config/db.js","statementMap":{"0":{"start":{"line":1,"column":17},"end":{"line":1,"column":36}},"1":{"start":{"line":3,"column":18},"end":{"line":11,"column":1}},"2":{"start":{"line":4,"column":2},"end":{"line":10,"column":3}},"3":{"start":{"line":5,"column":17},"end":{"line":5,"column":62}},"4":{"start":{"line":6,"column":4},"end":{"line":6,"column":62}},"5":{"start":{"line":8,"column":4},"end":{"line":8,"column":33}},"6":{"start":{"line":9,"column":4},"end":{"line":9,"column":20}},"7":{"start":{"line":13,"column":0},"end":{"line":13,"column":27}}},"fnMap":{"0":{"name":"(anonymous_0)","decl":{"start":{"line":3,"column":18},"end":{"line":3,"column":19}},"loc":{"start":{"line":3,"column":30},"end":{"line":11,"column":1}},"line":3}},"branchMap":{},"s":{"0":0,"1":0,"2":0,"3":0,"4":0,"5":0,"6":0,"7":0},"f":{"0":0},"b":{},"inputSourceMap":null}
,"/Users/Sudhanshu/Developer/srh/SMS/SMS-Template/courseService/models/course.js": {"path":"/Users/Sudhanshu/Developer/srh/SMS/SMS-Template/courseService/models/course.js","statementMap":{"0":{"start":{"line":1,"column":17},"end":{"line":1,"column":36}},"1":{"start":{"line":4,"column":21},"end":{"line":26,"column":2}},"2":{"start":{"line":28,"column":15},"end":{"line":28,"column":53}},"3":{"start":{"line":30,"column":0},"end":{"line":30,"column":24}}},"fnMap":{},"branchMap":{},"s":{"0":0,"1":0,"2":0,"3":0},"f":{},"b":{},"inputSourceMap":null}
,"/Users/Sudhanshu/Developer/srh/SMS/SMS-Template/courseService/routes/courseRoute.js": {"path":"/Users/Sudhanshu/Developer/srh/SMS/SMS-Template/courseService/routes/courseRoute.js","statementMap":{"0":{"start":{"line":1,"column":16},"end":{"line":1,"column":34}},"1":{"start":{"line":2,"column":15},"end":{"line":2,"column":42}},"2":{"start":{"line":3,"column":15},"end":{"line":3,"column":31}},"3":{"start":{"line":4,"column":23},"end":{"line":4,"column":45}},"4":{"start":{"line":5,"column":18},"end":{"line":5,"column":41}},"5":{"start":{"line":8,"column":0},"end":{"line":21,"column":2}},"6":{"start":{"line":12,"column":4},"end":{"line":19,"column":5}},"7":{"start":{"line":13,"column":6},"end":{"line":13,"column":39}},"8":{"start":{"line":14,"column":21},"end":{"line":14,"column":41}},"9":{"start":{"line":15,"column":6},"end":{"line":15,"column":26}},"10":{"start":{"line":16,"column":6},"end":{"line":16,"column":35}},"11":{"start":{"line":18,"column":6},"end":{"line":18,"column":53}},"12":{"start":{"line":24,"column":0},"end":{"line":35,"column":2}},"13":{"start":{"line":28,"column":4},"end":{"line":33,"column":5}},"14":{"start":{"line":29,"column":22},"end":{"line":29,"column":41}},"15":{"start":{"line":30,"column":6},"end":{"line":30,"column":36}},"16":{"start":{"line":32,"column":6},"end":{"line":32,"column":53}},"17":{"start":{"line":38,"column":0},"end":{"line":52,"column":2}},"18":{"start":{"line":42,"column":4},"end":{"line":50,"column":5}},"19":{"start":{"line":43,"column":21},"end":{"line":43,"column":57}},"20":{"start":{"line":44,"column":6},"end":{"line":46,"column":7}},"21":{"start":{"line":45,"column":8},"end":{"line":45,"column":69}},"22":{"start":{"line":47,"column":6},"end":{"line":47,"column":35}},"23":{"start":{"line":49,"column":6},"end":{"line":49,"column":53}},"24":{"start":{"line":55,"column":0},"end":{"line":93,"column":2}},"25":{"start":{"line":59,"column":4},"end":{"line":91,"column":5}},"26":{"start":{"line":60,"column":21},"end":{"line":60,"column":57}},"27":{"start":{"line":61,"column":6},"end":{"line":63,"column":7}},"28":{"start":{"line":62,"column":8},"end":{"line":62,"column":69}},"29":{"start":{"line":66,"column":6},"end":{"line":73,"column":7}},"30":{"start":{"line":70,"column":8},"end":{"line":72,"column":81}},"31":{"start":{"line":76,"column":6},"end":{"line":78,"column":7}},"32":{"start":{"line":77,"column":8},"end":{"line":77,"column":34}},"33":{"start":{"line":80,"column":28},"end":{"line":87,"column":7}},"34":{"start":{"line":88,"column":6},"end":{"line":88,"column":42}},"35":{"start":{"line":90,"column":6},"end":{"line":90,"column":53}},"36":{"start":{"line":96,"column":0},"end":{"line":130,"column":2}},"37":{"start":{"line":100,"column":4},"end":{"line":128,"column":5}},"38":{"start":{"line":101,"column":23},"end":{"line":101,"column":36}},"39":{"start":{"line":102,"column":21},"end":{"line":102,"column":52}},"40":{"start":{"line":104,"column":6},"end":{"line":106,"column":7}},"41":{"start":{"line":105,"column":8},"end":{"line":105,"column":69}},"42":{"start":{"line":109,"column":6},"end":{"line":116,"column":7}},"43":{"start":{"line":113,"column":8},"end":{"line":115,"column":81}},"44":{"start":{"line":118,"column":6},"end":{"line":118,"column":47}},"45":{"start":{"line":119,"column":6},"end":{"line":119,"column":79}},"46":{"start":{"line":121,"column":6},"end":{"line":121,"column":27}},"47":{"start":{"line":122,"column":6},"end":{"line":124,"column":7}},"48":{"start":{"line":123,"column":8},"end":{"line":123,"column":77}},"49":{"start":{"line":125,"column":6},"end":{"line":127,"column":68}},"50":{"start":{"line":132,"column":0},"end":{"line":132,"column":24}}},"fnMap":{"0":{"name":"(anonymous_0)","decl":{"start":{"line":11,"column":2},"end":{"line":11,"column":3}},"loc":{"start":{"line":11,"column":22},"end":{"line":20,"column":3}},"line":11},"1":{"name":"(anonymous_1)","decl":{"start":{"line":27,"column":2},"end":{"line":27,"column":3}},"loc":{"start":{"line":27,"column":22},"end":{"line":34,"column":3}},"line":27},"2":{"name":"(anonymous_2)","decl":{"start":{"line":41,"column":2},"end":{"line":41,"column":3}},"loc":{"start":{"line":41,"column":22},"end":{"line":51,"column":3}},"line":41},"3":{"name":"(anonymous_3)","decl":{"start":{"line":58,"column":2},"end":{"line":58,"column":3}},"loc":{"start":{"line":58,"column":22},"end":{"line":92,"column":3}},"line":58},"4":{"name":"(anonymous_4)","decl":{"start":{"line":99,"column":2},"end":{"line":99,"column":3}},"loc":{"start":{"line":99,"column":22},"end":{"line":129,"column":3}},"line":99}},"branchMap":{"0":{"loc":{"start":{"line":44,"column":6},"end":{"line":46,"column":7}},"type":"if","locations":[{"start":{"line":44,"column":6},"end":{"line":46,"column":7}},{"start":{},"end":{}}],"line":44},"1":{"loc":{"start":{"line":61,"column":6},"end":{"line":63,"column":7}},"type":"if","locations":[{"start":{"line":61,"column":6},"end":{"line":63,"column":7}},{"start":{},"end":{}}],"line":61},"2":{"loc":{"start":{"line":66,"column":6},"end":{"line":73,"column":7}},"type":"if","locations":[{"start":{"line":66,"column":6},"end":{"line":73,"column":7}},{"start":{},"end":{}}],"line":66},"3":{"loc":{"start":{"line":67,"column":8},"end":{"line":68,"column":40}},"type":"binary-expr","locations":[{"start":{"line":67,"column":8},"end":{"line":67,"column":48}},{"start":{"line":68,"column":8},"end":{"line":68,"column":40}}],"line":67},"4":{"loc":{"start":{"line":76,"column":6},"end":{"line":78,"column":7}},"type":"if","locations":[{"start":{"line":76,"column":6},"end":{"line":78,"column":7}},{"start":{},"end":{}}],"line":76},"5":{"loc":{"start":{"line":104,"column":6},"end":{"line":106,"column":7}},"type":"if","locations":[{"start":{"line":104,"column":6},"end":{"line":106,"column":7}},{"start":{},"end":{}}],"line":104},"6":{"loc":{"start":{"line":109,"column":6},"end":{"line":116,"column":7}},"type":"if","locations":[{"start":{"line":109,"column":6},"end":{"line":116,"column":7}},{"start":{},"end":{}}],"line":109},"7":{"loc":{"start":{"line":110,"column":8},"end":{"line":111,"column":40}},"type":"binary-expr","locations":[{"start":{"line":110,"column":8},"end":{"line":110,"column":48}},{"start":{"line":111,"column":8},"end":{"line":111,"column":40}}],"line":110},"8":{"loc":{"start":{"line":122,"column":6},"end":{"line":124,"column":7}},"type":"if","locations":[{"start":{"line":122,"column":6},"end":{"line":124,"column":7}},{"start":{},"end":{}}],"line":122}},"s":{"0":0,"1":0,"2":0,"3":0,"4":0,"5":0,"6":0,"7":0,"8":0,"9":0,"10":0,"11":0,"12":0,"13":0,"14":0,"15":0,"16":0,"17":0,"18":0,"19":0,"20":0,"21":0,"22":0,"23":0,"24":0,"25":0,"26":0,"27":0,"28":0,"29":0,"30":0,"31":0,"32":0,"33":0,"34":0,"35":0,"36":0,"37":0,"38":0,"39":0,"40":0,"41":0,"42":0,"43":0,"44":0,"45":0,"46":0,"47":0,"48":0,"49":0,"50":0},"f":{"0":0,"1":0,"2":0,"3":0,"4":0},"b":{"0":[0,0],"1":[0,0],"2":[0,0],"3":[0,0],"4":[0,0],"5":[0,0],"6":[0,0],"7":[0,0],"8":[0,0]},"inputSourceMap":null}
,"/Users/Sudhanshu/Developer/srh/SMS/SMS-Template/courseService/routes/auth/util.js": {"path":"/Users/Sudhanshu/Developer/srh/SMS/SMS-Template/courseService/routes/auth/util.js","statementMap":{"0":{"start":{"line":1,"column":12},"end":{"line":1,"column":35}},"1":{"start":{"line":2,"column":15},"end":{"line":2,"column":32}},"2":{"start":{"line":3,"column":14},"end":{"line":3,"column":30}},"3":{"start":{"line":4,"column":29},"end":{"line":4,"column":62}},"4":{"start":{"line":5,"column":32},"end":{"line":5,"column":59}},"5":{"start":{"line":6,"column":17},"end":{"line":6,"column":38}},"6":{"start":{"line":7,"column":18},"end":{"line":7,"column":44}},"7":{"start":{"line":9,"column":0},"end":{"line":9,"column":16}},"8":{"start":{"line":12,"column":23},"end":{"line":12,"column":44}},"9":{"start":{"line":14,"column":22},"end":{"line":14,"column":36}},"10":{"start":{"line":16,"column":0},"end":{"line":23,"column":3}},"11":{"start":{"line":17,"column":2},"end":{"line":21,"column":16}},"12":{"start":{"line":18,"column":16},"end":{"line":18,"column":34}},"13":{"start":{"line":19,"column":4},"end":{"line":19,"column":54}},"14":{"start":{"line":19,"column":13},"end":{"line":19,"column":54}},"15":{"start":{"line":20,"column":4},"end":{"line":20,"column":94}},"16":{"start":{"line":22,"column":2},"end":{"line":22,"column":16}},"17":{"start":{"line":24,"column":0},"end":{"line":27,"column":3}},"18":{"start":{"line":24,"column":47},"end":{"line":24,"column":48}},"19":{"start":{"line":25,"column":2},"end":{"line":25,"column":127}},"20":{"start":{"line":25,"column":8},"end":{"line":25,"column":112}},"21":{"start":{"line":26,"column":2},"end":{"line":26,"column":29}},"22":{"start":{"line":30,"column":19},"end":{"line":30,"column":47}},"23":{"start":{"line":31,"column":2},"end":{"line":31,"column":28}},"24":{"start":{"line":35,"column":14},"end":{"line":35,"column":45}},"25":{"start":{"line":35,"column":31},"end":{"line":35,"column":44}},"26":{"start":{"line":37,"column":2},"end":{"line":39,"column":3}},"27":{"start":{"line":38,"column":4},"end":{"line":38,"column":75}},"28":{"start":{"line":41,"column":2},"end":{"line":41,"column":23}},"29":{"start":{"line":45,"column":24},"end":{"line":45,"column":68}},"30":{"start":{"line":46,"column":28},"end":{"line":46,"column":41}},"31":{"start":{"line":48,"column":2},"end":{"line":50,"column":3}},"32":{"start":{"line":49,"column":4},"end":{"line":49,"column":60}},"33":{"start":{"line":52,"column":2},"end":{"line":54,"column":3}},"34":{"start":{"line":53,"column":4},"end":{"line":53,"column":53}},"35":{"start":{"line":56,"column":2},"end":{"line":58,"column":3}},"36":{"start":{"line":56,"column":39},"end":{"line":56,"column":61}},"37":{"start":{"line":57,"column":4},"end":{"line":57,"column":60}},"38":{"start":{"line":60,"column":15},"end":{"line":60,"column":35}},"39":{"start":{"line":61,"column":20},"end":{"line":61,"column":51}},"40":{"start":{"line":63,"column":2},"end":{"line":63,"column":65}},"41":{"start":{"line":68,"column":2},"end":{"line":91,"column":4}},"42":{"start":{"line":70,"column":6},"end":{"line":70,"column":74}},"43":{"start":{"line":72,"column":4},"end":{"line":74,"column":5}},"44":{"start":{"line":73,"column":6},"end":{"line":73,"column":81}},"45":{"start":{"line":76,"column":4},"end":{"line":90,"column":5}},"46":{"start":{"line":77,"column":22},"end":{"line":77,"column":52}},"47":{"start":{"line":78,"column":6},"end":{"line":78,"column":25}},"48":{"start":{"line":80,"column":24},"end":{"line":80,"column":44}},"49":{"start":{"line":81,"column":30},"end":{"line":81,"column":84}},"50":{"start":{"line":81,"column":55},"end":{"line":81,"column":83}},"51":{"start":{"line":82,"column":6},"end":{"line":86,"column":7}},"52":{"start":{"line":83,"column":8},"end":{"line":83,"column":22}},"53":{"start":{"line":85,"column":8},"end":{"line":85,"column":88}},"54":{"start":{"line":88,"column":6},"end":{"line":88,"column":27}},"55":{"start":{"line":89,"column":6},"end":{"line":89,"column":97}},"56":{"start":{"line":95,"column":2},"end":{"line":102,"column":3}},"57":{"start":{"line":99,"column":4},"end":{"line":101,"column":7}},"58":{"start":{"line":103,"column":2},"end":{"line":103,"column":9}},"59":{"start":{"line":107,"column":2},"end":{"line":109,"column":3}},"60":{"start":{"line":108,"column":4},"end":{"line":108,"column":18}},"61":{"start":{"line":110,"column":2},"end":{"line":124,"column":3}},"62":{"start":{"line":111,"column":19},"end":{"line":111,"column":49}},"63":{"start":{"line":112,"column":19},"end":{"line":112,"column":55}},"64":{"start":{"line":113,"column":4},"end":{"line":115,"column":5}},"65":{"start":{"line":114,"column":6},"end":{"line":114,"column":67}},"66":{"start":{"line":116,"column":4},"end":{"line":120,"column":5}},"67":{"start":{"line":117,"column":6},"end":{"line":119,"column":9}},"68":{"start":{"line":121,"column":4},"end":{"line":121,"column":11}},"69":{"start":{"line":123,"column":4},"end":{"line":123,"column":51}},"70":{"start":{"line":127,"column":0},"end":{"line":131,"column":2}}},"fnMap":{"0":{"name":"(anonymous_0)","decl":{"start":{"line":16,"column":39},"end":{"line":16,"column":40}},"loc":{"start":{"line":16,"column":51},"end":{"line":23,"column":1}},"line":16},"1":{"name":"(anonymous_1)","decl":{"start":{"line":24,"column":40},"end":{"line":24,"column":41}},"loc":{"start":{"line":24,"column":47},"end":{"line":24,"column":48}},"line":24},"2":{"name":"(anonymous_2)","decl":{"start":{"line":24,"column":50},"end":{"line":24,"column":51}},"loc":{"start":{"line":24,"column":59},"end":{"line":27,"column":1}},"line":24},"3":{"name":"fetchJWKS","decl":{"start":{"line":29,"column":15},"end":{"line":29,"column":24}},"loc":{"start":{"line":29,"column":30},"end":{"line":32,"column":1}},"line":29},"4":{"name":"getPublicKeyFromJWKS","decl":{"start":{"line":34,"column":9},"end":{"line":34,"column":29}},"loc":{"start":{"line":34,"column":41},"end":{"line":42,"column":1}},"line":34},"5":{"name":"(anonymous_5)","decl":{"start":{"line":35,"column":24},"end":{"line":35,"column":25}},"loc":{"start":{"line":35,"column":31},"end":{"line":35,"column":44}},"line":35},"6":{"name":"verifyJWTWithJWKS","decl":{"start":{"line":44,"column":15},"end":{"line":44,"column":32}},"loc":{"start":{"line":44,"column":40},"end":{"line":64,"column":1}},"line":44},"7":{"name":"(anonymous_7)","decl":{"start":{"line":56,"column":27},"end":{"line":56,"column":28}},"loc":{"start":{"line":56,"column":39},"end":{"line":56,"column":61}},"line":56},"8":{"name":"verifyRole","decl":{"start":{"line":67,"column":9},"end":{"line":67,"column":19}},"loc":{"start":{"line":67,"column":35},"end":{"line":92,"column":1}},"line":67},"9":{"name":"(anonymous_9)","decl":{"start":{"line":68,"column":9},"end":{"line":68,"column":10}},"loc":{"start":{"line":68,"column":35},"end":{"line":91,"column":3}},"line":68},"10":{"name":"(anonymous_10)","decl":{"start":{"line":81,"column":45},"end":{"line":81,"column":46}},"loc":{"start":{"line":81,"column":55},"end":{"line":81,"column":83}},"line":81},"11":{"name":"restrictProfessorToOwnData","decl":{"start":{"line":94,"column":9},"end":{"line":94,"column":35}},"loc":{"start":{"line":94,"column":52},"end":{"line":104,"column":1}},"line":94},"12":{"name":"restrictCourseToCreator","decl":{"start":{"line":106,"column":15},"end":{"line":106,"column":38}},"loc":{"start":{"line":106,"column":55},"end":{"line":125,"column":1}},"line":106}},"branchMap":{"0":{"loc":{"start":{"line":19,"column":4},"end":{"line":19,"column":54}},"type":"if","locations":[{"start":{"line":19,"column":4},"end":{"line":19,"column":54}},{"start":{},"end":{}}],"line":19},"1":{"loc":{"start":{"line":25,"column":62},"end":{"line":25,"column":80}},"type":"binary-expr","locations":[{"start":{"line":25,"column":62},"end":{"line":25,"column":65}},{"start":{"line":25,"column":69},"end":{"line":25,"column":80}}],"line":25},"2":{"loc":{"start":{"line":37,"column":2},"end":{"line":39,"column":3}},"type":"if","locations":[{"start":{"line":37,"column":2},"end":{"line":39,"column":3}},{"start":{},"end":{}}],"line":37},"3":{"loc":{"start":{"line":48,"column":2},"end":{"line":50,"column":3}},"type":"if","locations":[{"start":{"line":48,"column":2},"end":{"line":50,"column":3}},{"start":{},"end":{}}],"line":48},"4":{"loc":{"start":{"line":48,"column":6},"end":{"line":48,"column":18}},"type":"binary-expr","locations":[{"start":{"line":48,"column":6},"end":{"line":48,"column":10}},{"start":{"line":48,"column":14},"end":{"line":48,"column":18}}],"line":48},"5":{"loc":{"start":{"line":52,"column":2},"end":{"line":54,"column":3}},"type":"if","locations":[{"start":{"line":52,"column":2},"end":{"line":54,"column":3}},{"start":{},"end":{}}],"line":52},"6":{"loc":{"start":{"line":56,"column":2},"end":{"line":58,"column":3}},"type":"if","locations":[{"start":{"line":56,"column":2},"end":{"line":58,"column":3}},{"start":{},"end":{}}],"line":56},"7":{"loc":{"start":{"line":70,"column":6},"end":{"line":70,"column":74}},"type":"binary-expr","locations":[{"start":{"line":70,"column":6},"end":{"line":70,"column":31}},{"start":{"line":70,"column":35},"end":{"line":70,"column":74}}],"line":70},"8":{"loc":{"start":{"line":72,"column":4},"end":{"line":74,"column":5}},"type":"if","locations":[{"start":{"line":72,"column":4},"end":{"line":74,"column":5}},{"start":{},"end":{}}],"line":72},"9":{"loc":{"start":{"line":80,"column":24},"end":{"line":80,"column":44}},"type":"binary-expr","locations":[{"start":{"line":80,"column":24},"end":{"line":80,"column":38}},{"start":{"line":80,"column":42},"end":{"line":80,"column":44}}],"line":80},"10":{"loc":{"start":{"line":82,"column":6},"end":{"line":86,"column":7}},"type":"if","locations":[{"start":{"line":82,"column":6},"end":{"line":86,"column":7}},{"start":{"line":84,"column":13},"end":{"line":86,"column":7}}],"line":82},"11":{"loc":{"start":{"line":95,"column":2},"end":{"line":102,"column":3}},"type":"if","locations":[{"start":{"line":95,"column":2},"end":{"line":102,"column":3}},{"start":{},"end":{}}],"line":95},"12":{"loc":{"start":{"line":96,"column":4},"end":{"line":97,"column":33}},"type":"binary-expr","locations":[{"start":{"line":96,"column":4},"end":{"line":96,"column":44}},{"start":{"line":97,"column":4},"end":{"line":97,"column":33}}],"line":96},"13":{"loc":{"start":{"line":107,"column":2},"end":{"line":109,"column":3}},"type":"if","locations":[{"start":{"line":107,"column":2},"end":{"line":109,"column":3}},{"start":{},"end":{}}],"line":107},"14":{"loc":{"start":{"line":113,"column":4},"end":{"line":115,"column":5}},"type":"if","locations":[{"start":{"line":113,"column":4},"end":{"line":115,"column":5}},{"start":{},"end":{}}],"line":113},"15":{"loc":{"start":{"line":116,"column":4},"end":{"line":120,"column":5}},"type":"if","locations":[{"start":{"line":116,"column":4},"end":{"line":120,"column":5}},{"start":{},"end":{}}],"line":116}},"s":{"0":0,"1":0,"2":0,"3":0,"4":0,"5":0,"6":0,"7":0,"8":0,"9":0,"10":0,"11":0,"12":0,"13":0,"14":0,"15":0,"16":0,"17":0,"18":0,"19":0,"20":0,"21":0,"22":0,"23":0,"24":0,"25":0,"26":0,"27":0,"28":0,"29":0,"30":0,"31":0,"32":0,"33":0,"34":0,"35":0,"36":0,"37":0,"38":0,"39":0,"40":0,"41":0,"42":0,"43":0,"44":0,"45":0,"46":0,"47":0,"48":0,"49":0,"50":0,"51":0,"52":0,"53":0,"54":0,"55":0,"56":0,"57":0,"58":0,"59":0,"60":0,"61":0,"62":0,"63":0,"64":0,"65":0,"66":0,"67":0,"68":0,"69":0,"70":0},"f":{"0":0,"1":0,"2":0,"3":0,"4":0,"5":0,"6":0,"7":0,"8":0,"9":0,"10":0,"11":0,"12":0},"b":{"0":[0,0],"1":[0,0],"2":[0,0],"3":[0,0],"4":[0,0],"5":[0,0],"6":[0,0],"7":[0,0],"8":[0,0],"9":[0,0],"10":[0,0],"11":[0,0],"12":[0,0],"13":[0,0],"14":[0,0],"15":[0,0]},"inputSourceMap":null}
,"/Users/Sudhanshu/Developer/srh/SMS/SMS-Template/enrollmentService/index.js": {"path":"/Users/Sudhanshu/Developer/srh/SMS/SMS-Template/enrollmentService/index.js","statementMap":{"0":{"start":{"line":1,"column":15},"end":{"line":1,"column":32}},"1":{"start":{"line":2,"column":13},"end":{"line":2,"column":28}},"2":{"start":{"line":3,"column":0},"end":{"line":3,"column":54}},"3":{"start":{"line":5,"column":16},"end":{"line":5,"column":34}},"4":{"start":{"line":6,"column":18},"end":{"line":6,"column":40}},"5":{"start":{"line":8,"column":25},"end":{"line":8,"column":60}},"6":{"start":{"line":10,"column":23},"end":{"line":10,"column":62}},"7":{"start":{"line":13,"column":12},"end":{"line":13,"column":21}},"8":{"start":{"line":16,"column":0},"end":{"line":16,"column":12}},"9":{"start":{"line":19,"column":0},"end":{"line":19,"column":24}},"10":{"start":{"line":21,"column":54},"end":{"line":21,"column":81}},"11":{"start":{"line":22,"column":37},"end":{"line":22,"column":58}},"12":{"start":{"line":25,"column":0},"end":{"line":25,"column":33}},"13":{"start":{"line":28,"column":0},"end":{"line":31,"column":3}},"14":{"start":{"line":29,"column":2},"end":{"line":29,"column":96}},"15":{"start":{"line":30,"column":2},"end":{"line":30,"column":9}},"16":{"start":{"line":33,"column":0},"end":{"line":33,"column":50}},"17":{"start":{"line":34,"column":0},"end":{"line":34,"column":46}},"18":{"start":{"line":37,"column":0},"end":{"line":40,"column":3}},"19":{"start":{"line":38,"column":2},"end":{"line":38,"column":103}},"20":{"start":{"line":39,"column":2},"end":{"line":39,"column":61}},"21":{"start":{"line":43,"column":13},"end":{"line":43,"column":37}},"22":{"start":{"line":44,"column":0},"end":{"line":46,"column":3}},"23":{"start":{"line":45,"column":2},"end":{"line":45,"column":70}}},"fnMap":{"0":{"name":"(anonymous_0)","decl":{"start":{"line":28,"column":8},"end":{"line":28,"column":9}},"loc":{"start":{"line":28,"column":28},"end":{"line":31,"column":1}},"line":28},"1":{"name":"(anonymous_1)","decl":{"start":{"line":37,"column":8},"end":{"line":37,"column":9}},"loc":{"start":{"line":37,"column":33},"end":{"line":40,"column":1}},"line":37},"2":{"name":"(anonymous_2)","decl":{"start":{"line":44,"column":17},"end":{"line":44,"column":18}},"loc":{"start":{"line":44,"column":23},"end":{"line":46,"column":1}},"line":44}},"branchMap":{"0":{"loc":{"start":{"line":38,"column":53},"end":{"line":38,"column":71}},"type":"binary-expr","locations":[{"start":{"line":38,"column":53},"end":{"line":38,"column":56}},{"start":{"line":38,"column":60},"end":{"line":38,"column":71}}],"line":38},"1":{"loc":{"start":{"line":43,"column":13},"end":{"line":43,"column":37}},"type":"binary-expr","locations":[{"start":{"line":43,"column":13},"end":{"line":43,"column":29}},{"start":{"line":43,"column":33},"end":{"line":43,"column":37}}],"line":43}},"s":{"0":0,"1":0,"2":0,"3":0,"4":0,"5":0,"6":0,"7":0,"8":0,"9":0,"10":0,"11":0,"12":0,"13":0,"14":0,"15":0,"16":0,"17":0,"18":0,"19":0,"20":0,"21":0,"22":0,"23":0},"f":{"0":0,"1":0,"2":0},"b":{"0":[0,0],"1":[0,0]},"inputSourceMap":null}
,"/Users/Sudhanshu/Developer/srh/SMS/SMS-Template/enrollmentService/config/db.js": {"path":"/Users/Sudhanshu/Developer/srh/SMS/SMS-Template/enrollmentService/config/db.js","statementMap":{"0":{"start":{"line":1,"column":17},"end":{"line":1,"column":36}},"1":{"start":{"line":3,"column":18},"end":{"line":11,"column":1}},"2":{"start":{"line":4,"column":2},"end":{"line":10,"column":3}},"3":{"start":{"line":5,"column":17},"end":{"line":5,"column":62}},"4":{"start":{"line":6,"column":4},"end":{"line":6,"column":62}},"5":{"start":{"line":8,"column":4},"end":{"line":8,"column":33}},"6":{"start":{"line":9,"column":4},"end":{"line":9,"column":20}},"7":{"start":{"line":13,"column":0},"end":{"line":13,"column":27}}},"fnMap":{"0":{"name":"(anonymous_0)","decl":{"start":{"line":3,"column":18},"end":{"line":3,"column":19}},"loc":{"start":{"line":3,"column":30},"end":{"line":11,"column":1}},"line":3}},"branchMap":{},"s":{"0":0,"1":0,"2":0,"3":0,"4":0,"5":0,"6":0,"7":0},"f":{"0":0},"b":{},"inputSourceMap":null}
,"/Users/Sudhanshu/Developer/srh/SMS/SMS-Template/enrollmentService/models/enrollment.js": {"path":"/Users/Sudhanshu/Developer/srh/SMS/SMS-Template/enrollmentService/models/enrollment.js","statementMap":{"0":{"start":{"line":1,"column":17},"end":{"line":1,"column":36}},"1":{"start":{"line":3,"column":25},"end":{"line":18,"column":2}},"2":{"start":{"line":21,"column":0},"end":{"line":21,"column":68}},"3":{"start":{"line":23,"column":19},"end":{"line":23,"column":65}},"4":{"start":{"line":25,"column":0},"end":{"line":25,"column":28}}},"fnMap":{},"branchMap":{},"s":{"0":0,"1":0,"2":0,"3":0,"4":0},"f":{},"b":{},"inputSourceMap":null}
,"/Users/Sudhanshu/Developer/srh/SMS/SMS-Template/enrollmentService/routes/enrollmentRoute.js": {"path":"/Users/Sudhanshu/Developer/srh/SMS/SMS-Template/enrollmentService/routes/enrollmentRoute.js","statementMap":{"0":{"start":{"line":1,"column":16},"end":{"line":1,"column":34}},"1":{"start":{"line":3,"column":19},"end":{"line":3,"column":50}},"2":{"start":{"line":4,"column":15},"end":{"line":4,"column":31}},"3":{"start":{"line":13,"column":4},"end":{"line":13,"column":26}},"4":{"start":{"line":14,"column":18},"end":{"line":14,"column":41}},"5":{"start":{"line":17,"column":0},"end":{"line":66,"column":2}},"6":{"start":{"line":21,"column":4},"end":{"line":64,"column":5}},"7":{"start":{"line":22,"column":34},"end":{"line":22,"column":42}},"8":{"start":{"line":24,"column":6},"end":{"line":28,"column":7}},"9":{"start":{"line":25,"column":8},"end":{"line":27,"column":64}},"10":{"start":{"line":31,"column":6},"end":{"line":37,"column":7}},"11":{"start":{"line":32,"column":8},"end":{"line":32,"column":40}},"12":{"start":{"line":34,"column":8},"end":{"line":36,"column":66}},"13":{"start":{"line":40,"column":6},"end":{"line":46,"column":7}},"14":{"start":{"line":41,"column":8},"end":{"line":41,"column":38}},"15":{"start":{"line":43,"column":8},"end":{"line":45,"column":65}},"16":{"start":{"line":49,"column":33},"end":{"line":49,"column":78}},"17":{"start":{"line":50,"column":6},"end":{"line":54,"column":7}},"18":{"start":{"line":51,"column":8},"end":{"line":53,"column":75}},"19":{"start":{"line":56,"column":28},"end":{"line":56,"column":63}},"20":{"start":{"line":57,"column":30},"end":{"line":57,"column":56}},"21":{"start":{"line":58,"column":6},"end":{"line":58,"column":51}},"22":{"start":{"line":60,"column":6},"end":{"line":60,"column":27}},"23":{"start":{"line":61,"column":6},"end":{"line":63,"column":9}},"24":{"start":{"line":68,"column":0},"end":{"line":81,"column":2}},"25":{"start":{"line":72,"column":4},"end":{"line":79,"column":5}},"26":{"start":{"line":73,"column":24},"end":{"line":73,"column":47}},"27":{"start":{"line":74,"column":6},"end":{"line":74,"column":47}},"28":{"start":{"line":76,"column":6},"end":{"line":78,"column":9}},"29":{"start":{"line":85,"column":0},"end":{"line":107,"column":2}},"30":{"start":{"line":89,"column":4},"end":{"line":105,"column":5}},"31":{"start":{"line":90,"column":34},"end":{"line":90,"column":43}},"32":{"start":{"line":91,"column":6},"end":{"line":95,"column":7}},"33":{"start":{"line":92,"column":8},"end":{"line":94,"column":75}},"34":{"start":{"line":96,"column":25},"end":{"line":96,"column":70}},"35":{"start":{"line":97,"column":6},"end":{"line":99,"column":7}},"36":{"start":{"line":98,"column":8},"end":{"line":98,"column":73}},"37":{"start":{"line":100,"column":6},"end":{"line":100,"column":46}},"38":{"start":{"line":102,"column":6},"end":{"line":104,"column":9}},"39":{"start":{"line":110,"column":0},"end":{"line":145,"column":2}},"40":{"start":{"line":115,"column":4},"end":{"line":143,"column":5}},"41":{"start":{"line":116,"column":24},"end":{"line":118,"column":8}},"42":{"start":{"line":120,"column":6},"end":{"line":124,"column":7}},"43":{"start":{"line":121,"column":8},"end":{"line":123,"column":70}},"44":{"start":{"line":126,"column":22},"end":{"line":126,"column":42}},"45":{"start":{"line":127,"column":6},"end":{"line":136,"column":9}},"46":{"start":{"line":128,"column":30},"end":{"line":128,"column":51}},"47":{"start":{"line":129,"column":23},"end":{"line":131,"column":9}},"48":{"start":{"line":130,"column":22},"end":{"line":130,"column":79}},"49":{"start":{"line":132,"column":8},"end":{"line":134,"column":9}},"50":{"start":{"line":133,"column":10},"end":{"line":133,"column":40}},"51":{"start":{"line":135,"column":8},"end":{"line":135,"column":29}},"52":{"start":{"line":138,"column":6},"end":{"line":138,"column":40}},"53":{"start":{"line":140,"column":6},"end":{"line":142,"column":9}},"54":{"start":{"line":148,"column":0},"end":{"line":179,"column":2}},"55":{"start":{"line":152,"column":4},"end":{"line":177,"column":5}},"56":{"start":{"line":153,"column":26},"end":{"line":153,"column":74}},"57":{"start":{"line":154,"column":6},"end":{"line":158,"column":7}},"58":{"start":{"line":155,"column":8},"end":{"line":157,"column":69}},"59":{"start":{"line":160,"column":23},"end":{"line":160,"column":44}},"60":{"start":{"line":161,"column":23},"end":{"line":170,"column":8}},"61":{"start":{"line":162,"column":30},"end":{"line":162,"column":51}},"62":{"start":{"line":163,"column":24},"end":{"line":165,"column":9}},"63":{"start":{"line":164,"column":17},"end":{"line":164,"column":70}},"64":{"start":{"line":166,"column":8},"end":{"line":168,"column":9}},"65":{"start":{"line":167,"column":10},"end":{"line":167,"column":42}},"66":{"start":{"line":169,"column":8},"end":{"line":169,"column":29}},"67":{"start":{"line":172,"column":6},"end":{"line":172,"column":37}},"68":{"start":{"line":174,"column":6},"end":{"line":176,"column":9}},"69":{"start":{"line":182,"column":0},"end":{"line":205,"column":2}},"70":{"start":{"line":186,"column":4},"end":{"line":203,"column":5}},"71":{"start":{"line":187,"column":25},"end":{"line":187,"column":65}},"72":{"start":{"line":189,"column":6},"end":{"line":191,"column":7}},"73":{"start":{"line":190,"column":8},"end":{"line":190,"column":73}},"74":{"start":{"line":193,"column":6},"end":{"line":193,"column":46}},"75":{"start":{"line":195,"column":6},"end":{"line":199,"column":7}},"76":{"start":{"line":196,"column":8},"end":{"line":198,"column":61}},"77":{"start":{"line":200,"column":6},"end":{"line":202,"column":9}},"78":{"start":{"line":208,"column":0},"end":{"line":233,"column":2}},"79":{"start":{"line":212,"column":4},"end":{"line":231,"column":5}},"80":{"start":{"line":213,"column":25},"end":{"line":213,"column":74}},"81":{"start":{"line":215,"column":6},"end":{"line":217,"column":7}},"82":{"start":{"line":216,"column":8},"end":{"line":216,"column":73}},"83":{"start":{"line":219,"column":6},"end":{"line":221,"column":74}},"84":{"start":{"line":223,"column":6},"end":{"line":227,"column":7}},"85":{"start":{"line":224,"column":8},"end":{"line":226,"column":61}},"86":{"start":{"line":228,"column":6},"end":{"line":230,"column":9}},"87":{"start":{"line":235,"column":0},"end":{"line":235,"column":24}}},"fnMap":{"0":{"name":"(anonymous_0)","decl":{"start":{"line":20,"column":2},"end":{"line":20,"column":3}},"loc":{"start":{"line":20,"column":22},"end":{"line":65,"column":3}},"line":20},"1":{"name":"(anonymous_1)","decl":{"start":{"line":71,"column":2},"end":{"line":71,"column":3}},"loc":{"start":{"line":71,"column":22},"end":{"line":80,"column":3}},"line":71},"2":{"name":"(anonymous_2)","decl":{"start":{"line":88,"column":2},"end":{"line":88,"column":3}},"loc":{"start":{"line":88,"column":22},"end":{"line":106,"column":3}},"line":88},"3":{"name":"(anonymous_3)","decl":{"start":{"line":114,"column":2},"end":{"line":114,"column":3}},"loc":{"start":{"line":114,"column":22},"end":{"line":144,"column":3}},"line":114},"4":{"name":"(anonymous_4)","decl":{"start":{"line":127,"column":36},"end":{"line":127,"column":37}},"loc":{"start":{"line":127,"column":52},"end":{"line":136,"column":7}},"line":127},"5":{"name":"(anonymous_5)","decl":{"start":{"line":130,"column":10},"end":{"line":130,"column":11}},"loc":{"start":{"line":130,"column":22},"end":{"line":130,"column":79}},"line":130},"6":{"name":"(anonymous_6)","decl":{"start":{"line":151,"column":2},"end":{"line":151,"column":3}},"loc":{"start":{"line":151,"column":22},"end":{"line":178,"column":3}},"line":151},"7":{"name":"(anonymous_7)","decl":{"start":{"line":161,"column":39},"end":{"line":161,"column":40}},"loc":{"start":{"line":161,"column":55},"end":{"line":170,"column":7}},"line":161},"8":{"name":"(anonymous_8)","decl":{"start":{"line":164,"column":10},"end":{"line":164,"column":11}},"loc":{"start":{"line":164,"column":17},"end":{"line":164,"column":70}},"line":164},"9":{"name":"(anonymous_9)","decl":{"start":{"line":185,"column":2},"end":{"line":185,"column":3}},"loc":{"start":{"line":185,"column":22},"end":{"line":204,"column":3}},"line":185},"10":{"name":"(anonymous_10)","decl":{"start":{"line":211,"column":2},"end":{"line":211,"column":3}},"loc":{"start":{"line":211,"column":22},"end":{"line":232,"column":3}},"line":211}},"branchMap":{"0":{"loc":{"start":{"line":24,"column":6},"end":{"line":28,"column":7}},"type":"if","locations":[{"start":{"line":24,"column":6},"end":{"line":28,"column":7}},{"start":{},"end":{}}],"line":24},"1":{"loc":{"start":{"line":24,"column":10},"end":{"line":24,"column":29}},"type":"binary-expr","locations":[{"start":{"line":24,"column":10},"end":{"line":24,"column":18}},{"start":{"line":24,"column":22},"end":{"line":24,"column":29}}],"line":24},"2":{"loc":{"start":{"line":50,"column":6},"end":{"line":54,"column":7}},"type":"if","locations":[{"start":{"line":50,"column":6},"end":{"line":54,"column":7}},{"start":{},"end":{}}],"line":50},"3":{"loc":{"start":{"line":91,"column":6},"end":{"line":95,"column":7}},"type":"if","locations":[{"start":{"line":91,"column":6},"end":{"line":95,"column":7}},{"start":{},"end":{}}],"line":91},"4":{"loc":{"start":{"line":91,"column":10},"end":{"line":91,"column":29}},"type":"binary-expr","locations":[{"start":{"line":91,"column":10},"end":{"line":91,"column":18}},{"start":{"line":91,"column":22},"end":{"line":91,"column":29}}],"line":91},"5":{"loc":{"start":{"line":97,"column":6},"end":{"line":99,"column":7}},"type":"if","locations":[{"start":{"line":97,"column":6},"end":{"line":99,"column":7}},{"start":{},"end":{}}],"line":97},"6":{"loc":{"start":{"line":120,"column":6},"end":{"line":124,"column":7}},"type":"if","locations":[{"start":{"line":120,"column":6},"end":{"line":124,"column":7}},{"start":{},"end":{}}],"line":120},"7":{"loc":{"start":{"line":132,"column":8},"end":{"line":134,"column":9}},"type":"if","locations":[{"start":{"line":132,"column":8},"end":{"line":134,"column":9}},{"start":{},"end":{}}],"line":132},"8":{"loc":{"start":{"line":154,"column":6},"end":{"line":158,"column":7}},"type":"if","locations":[{"start":{"line":154,"column":6},"end":{"line":158,"column":7}},{"start":{},"end":{}}],"line":154},"9":{"loc":{"start":{"line":166,"column":8},"end":{"line":168,"column":9}},"type":"if","locations":[{"start":{"line":166,"column":8},"end":{"line":168,"column":9}},{"start":{},"end":{}}],"line":166},"10":{"loc":{"start":{"line":189,"column":6},"end":{"line":191,"column":7}},"type":"if","locations":[{"start":{"line":189,"column":6},"end":{"line":191,"column":7}},{"start":{},"end":{}}],"line":189},"11":{"loc":{"start":{"line":195,"column":6},"end":{"line":199,"column":7}},"type":"if","locations":[{"start":{"line":195,"column":6},"end":{"line":199,"column":7}},{"start":{},"end":{}}],"line":195},"12":{"loc":{"start":{"line":215,"column":6},"end":{"line":217,"column":7}},"type":"if","locations":[{"start":{"line":215,"column":6},"end":{"line":217,"column":7}},{"start":{},"end":{}}],"line":215},"13":{"loc":{"start":{"line":223,"column":6},"end":{"line":227,"column":7}},"type":"if","locations":[{"start":{"line":223,"column":6},"end":{"line":227,"column":7}},{"start":{},"end":{}}],"line":223}},"s":{"0":0,"1":0,"2":0,"3":0,"4":0,"5":0,"6":0,"7":0,"8":0,"9":0,"10":0,"11":0,"12":0,"13":0,"14":0,"15":0,"16":0,"17":0,"18":0,"19":0,"20":0,"21":0,"22":0,"23":0,"24":0,"25":0,"26":0,"27":0,"28":0,"29":0,"30":0,"31":0,"32":0,"33":0,"34":0,"35":0,"36":0,"37":0,"38":0,"39":0,"40":0,"41":0,"42":0,"43":0,"44":0,"45":0,"46":0,"47":0,"48":0,"49":0,"50":0,"51":0,"52":0,"53":0,"54":0,"55":0,"56":0,"57":0,"58":0,"59":0,"60":0,"61":0,"62":0,"63":0,"64":0,"65":0,"66":0,"67":0,"68":0,"69":0,"70":0,"71":0,"72":0,"73":0,"74":0,"75":0,"76":0,"77":0,"78":0,"79":0,"80":0,"81":0,"82":0,"83":0,"84":0,"85":0,"86":0,"87":0},"f":{"0":0,"1":0,"2":0,"3":0,"4":0,"5":0,"6":0,"7":0,"8":0,"9":0,"10":0},"b":{"0":[0,0],"1":[0,0],"2":[0,0],"3":[0,0],"4":[0,0],"5":[0,0],"6":[0,0],"7":[0,0],"8":[0,0],"9":[0,0],"10":[0,0],"11":[0,0],"12":[0,0],"13":[0,0]},"inputSourceMap":null}
,"/Users/Sudhanshu/Developer/srh/SMS/SMS-Template/enrollmentService/routes/auth/publicKeyRoute.js": {"path":"/Users/Sudhanshu/Developer/srh/SMS/SMS-Template/enrollmentService/routes/auth/publicKeyRoute.js","statementMap":{"0":{"start":{"line":1,"column":16},"end":{"line":1,"column":34}},"1":{"start":{"line":2,"column":15},"end":{"line":2,"column":31}},"2":{"start":{"line":3,"column":11},"end":{"line":3,"column":24}},"3":{"start":{"line":4,"column":13},"end":{"line":4,"column":28}},"4":{"start":{"line":5,"column":15},"end":{"line":5,"column":32}},"5":{"start":{"line":6,"column":16},"end":{"line":6,"column":33}},"6":{"start":{"line":8,"column":18},"end":{"line":11,"column":1}},"7":{"start":{"line":13,"column":0},"end":{"line":33,"column":3}},"8":{"start":{"line":14,"column":2},"end":{"line":32,"column":3}},"9":{"start":{"line":15,"column":16},"end":{"line":15,"column":75}},"10":{"start":{"line":16,"column":22},"end":{"line":27,"column":5}},"11":{"start":{"line":28,"column":4},"end":{"line":28,"column":24}},"12":{"start":{"line":30,"column":4},"end":{"line":30,"column":50}},"13":{"start":{"line":31,"column":4},"end":{"line":31,"column":69}},"14":{"start":{"line":35,"column":0},"end":{"line":35,"column":24}}},"fnMap":{"0":{"name":"(anonymous_0)","decl":{"start":{"line":13,"column":16},"end":{"line":13,"column":17}},"loc":{"start":{"line":13,"column":30},"end":{"line":33,"column":1}},"line":13}},"branchMap":{},"s":{"0":0,"1":0,"2":0,"3":0,"4":0,"5":0,"6":0,"7":0,"8":0,"9":0,"10":0,"11":0,"12":0,"13":0,"14":0},"f":{"0":0},"b":{},"inputSourceMap":null}
,"/Users/Sudhanshu/Developer/srh/SMS/SMS-Template/enrollmentService/routes/auth/util.js": {"path":"/Users/Sudhanshu/Developer/srh/SMS/SMS-Template/enrollmentService/routes/auth/util.js","statementMap":{"0":{"start":{"line":1,"column":12},"end":{"line":1,"column":35}},"1":{"start":{"line":2,"column":15},"end":{"line":2,"column":32}},"2":{"start":{"line":3,"column":14},"end":{"line":3,"column":30}},"3":{"start":{"line":4,"column":29},"end":{"line":4,"column":62}},"4":{"start":{"line":5,"column":37},"end":{"line":5,"column":64}},"5":{"start":{"line":6,"column":11},"end":{"line":6,"column":24}},"6":{"start":{"line":7,"column":13},"end":{"line":7,"column":28}},"7":{"start":{"line":8,"column":17},"end":{"line":8,"column":38}},"8":{"start":{"line":10,"column":51},"end":{"line":10,"column":77}},"9":{"start":{"line":12,"column":0},"end":{"line":12,"column":16}},"10":{"start":{"line":14,"column":22},"end":{"line":14,"column":36}},"11":{"start":{"line":16,"column":0},"end":{"line":23,"column":3}},"12":{"start":{"line":17,"column":2},"end":{"line":21,"column":16}},"13":{"start":{"line":18,"column":16},"end":{"line":18,"column":34}},"14":{"start":{"line":19,"column":4},"end":{"line":19,"column":54}},"15":{"start":{"line":19,"column":13},"end":{"line":19,"column":54}},"16":{"start":{"line":20,"column":4},"end":{"line":20,"column":99}},"17":{"start":{"line":22,"column":2},"end":{"line":22,"column":16}},"18":{"start":{"line":24,"column":0},"end":{"line":32,"column":2}},"19":{"start":{"line":25,"column":11},"end":{"line":25,"column":14}},"20":{"start":{"line":27,"column":4},"end":{"line":29,"column":18}},"21":{"start":{"line":28,"column":6},"end":{"line":28,"column":115}},"22":{"start":{"line":30,"column":4},"end":{"line":30,"column":31}},"23":{"start":{"line":34,"column":12},"end":{"line":34,"column":15}},"24":{"start":{"line":35,"column":12},"end":{"line":35,"column":72}},"25":{"start":{"line":37,"column":22},"end":{"line":40,"column":1}},"26":{"start":{"line":42,"column":19},"end":{"line":45,"column":1}},"27":{"start":{"line":46,"column":18},"end":{"line":49,"column":1}},"28":{"start":{"line":52,"column":23},"end":{"line":52,"column":44}},"29":{"start":{"line":55,"column":19},"end":{"line":55,"column":47}},"30":{"start":{"line":56,"column":2},"end":{"line":56,"column":28}},"31":{"start":{"line":60,"column":14},"end":{"line":60,"column":45}},"32":{"start":{"line":60,"column":31},"end":{"line":60,"column":44}},"33":{"start":{"line":62,"column":2},"end":{"line":64,"column":3}},"34":{"start":{"line":63,"column":4},"end":{"line":63,"column":75}},"35":{"start":{"line":66,"column":2},"end":{"line":66,"column":23}},"36":{"start":{"line":70,"column":24},"end":{"line":70,"column":68}},"37":{"start":{"line":71,"column":28},"end":{"line":71,"column":41}},"38":{"start":{"line":73,"column":2},"end":{"line":75,"column":3}},"39":{"start":{"line":74,"column":4},"end":{"line":74,"column":60}},"40":{"start":{"line":77,"column":2},"end":{"line":79,"column":3}},"41":{"start":{"line":78,"column":4},"end":{"line":78,"column":53}},"42":{"start":{"line":81,"column":2},"end":{"line":83,"column":3}},"43":{"start":{"line":81,"column":39},"end":{"line":81,"column":61}},"44":{"start":{"line":82,"column":4},"end":{"line":82,"column":60}},"45":{"start":{"line":85,"column":15},"end":{"line":85,"column":35}},"46":{"start":{"line":86,"column":20},"end":{"line":86,"column":51}},"47":{"start":{"line":88,"column":2},"end":{"line":88,"column":65}},"48":{"start":{"line":92,"column":16},"end":{"line":96,"column":4}},"49":{"start":{"line":97,"column":2},"end":{"line":97,"column":15}},"50":{"start":{"line":101,"column":2},"end":{"line":124,"column":4}},"51":{"start":{"line":103,"column":6},"end":{"line":103,"column":74}},"52":{"start":{"line":105,"column":4},"end":{"line":107,"column":5}},"53":{"start":{"line":106,"column":6},"end":{"line":106,"column":81}},"54":{"start":{"line":109,"column":4},"end":{"line":123,"column":5}},"55":{"start":{"line":110,"column":22},"end":{"line":110,"column":52}},"56":{"start":{"line":111,"column":6},"end":{"line":111,"column":25}},"57":{"start":{"line":113,"column":24},"end":{"line":113,"column":44}},"58":{"start":{"line":114,"column":30},"end":{"line":114,"column":84}},"59":{"start":{"line":114,"column":55},"end":{"line":114,"column":83}},"60":{"start":{"line":115,"column":6},"end":{"line":119,"column":7}},"61":{"start":{"line":116,"column":8},"end":{"line":116,"column":22}},"62":{"start":{"line":118,"column":8},"end":{"line":118,"column":88}},"63":{"start":{"line":121,"column":6},"end":{"line":121,"column":27}},"64":{"start":{"line":122,"column":6},"end":{"line":122,"column":97}},"65":{"start":{"line":128,"column":14},"end":{"line":131,"column":4}},"66":{"start":{"line":132,"column":19},"end":{"line":136,"column":4}},"67":{"start":{"line":137,"column":2},"end":{"line":137,"column":23}},"68":{"start":{"line":141,"column":14},"end":{"line":144,"column":4}},"69":{"start":{"line":145,"column":19},"end":{"line":149,"column":4}},"70":{"start":{"line":150,"column":2},"end":{"line":150,"column":23}},"71":{"start":{"line":154,"column":14},"end":{"line":157,"column":4}},"72":{"start":{"line":158,"column":19},"end":{"line":162,"column":4}},"73":{"start":{"line":163,"column":2},"end":{"line":163,"column":23}},"74":{"start":{"line":167,"column":14},"end":{"line":170,"column":4}},"75":{"start":{"line":171,"column":19},"end":{"line":175,"column":4}},"76":{"start":{"line":176,"column":2},"end":{"line":176,"column":23}},"77":{"start":{"line":180,"column":2},"end":{"line":184,"column":3}},"78":{"start":{"line":181,"column":4},"end":{"line":183,"column":7}},"79":{"start":{"line":185,"column":2},"end":{"line":185,"column":9}},"80":{"start":{"line":188,"column":0},"end":{"line":197,"column":2}}},"fnMap":{"0":{"name":"(anonymous_0)","decl":{"start":{"line":16,"column":39},"end":{"line":16,"column":40}},"loc":{"start":{"line":16,"column":51},"end":{"line":23,"column":1}},"line":16},"1":{"name":"(anonymous_1)","decl":{"start":{"line":25,"column":2},"end":{"line":25,"column":3}},"loc":{"start":{"line":25,"column":11},"end":{"line":25,"column":14}},"line":25},"2":{"name":"(anonymous_2)","decl":{"start":{"line":26,"column":2},"end":{"line":26,"column":3}},"loc":{"start":{"line":26,"column":11},"end":{"line":31,"column":3}},"line":26},"3":{"name":"fetchJWKS","decl":{"start":{"line":54,"column":15},"end":{"line":54,"column":24}},"loc":{"start":{"line":54,"column":30},"end":{"line":57,"column":1}},"line":54},"4":{"name":"getPublicKeyFromJWKS","decl":{"start":{"line":59,"column":9},"end":{"line":59,"column":29}},"loc":{"start":{"line":59,"column":41},"end":{"line":67,"column":1}},"line":59},"5":{"name":"(anonymous_5)","decl":{"start":{"line":60,"column":24},"end":{"line":60,"column":25}},"loc":{"start":{"line":60,"column":31},"end":{"line":60,"column":44}},"line":60},"6":{"name":"verifyJWTWithJWKS","decl":{"start":{"line":69,"column":15},"end":{"line":69,"column":32}},"loc":{"start":{"line":69,"column":40},"end":{"line":89,"column":1}},"line":69},"7":{"name":"(anonymous_7)","decl":{"start":{"line":81,"column":27},"end":{"line":81,"column":28}},"loc":{"start":{"line":81,"column":39},"end":{"line":81,"column":61}},"line":81},"8":{"name":"generateJWTWithPrivateKey","decl":{"start":{"line":91,"column":9},"end":{"line":91,"column":34}},"loc":{"start":{"line":91,"column":44},"end":{"line":98,"column":1}},"line":91},"9":{"name":"verifyRole","decl":{"start":{"line":100,"column":9},"end":{"line":100,"column":19}},"loc":{"start":{"line":100,"column":35},"end":{"line":125,"column":1}},"line":100},"10":{"name":"(anonymous_10)","decl":{"start":{"line":101,"column":9},"end":{"line"
[...]
,"/Users/Sudhanshu/Developer/srh/SMS/SMS-Template/studentService/routes/studentRoute.js": {"path":"/Users/Sudhanshu/Developer/srh/SMS/SMS-Template/studentService/routes/studentRoute.js","statementMap":{"0":{"start":{"line":1,"column":16},"end":{"line":1,"column":34}},"1":{"start":{"line":3,"column":16},"end":{"line":3,"column":44}},"2":{"start":{"line":4,"column":68},"end":{"line":4,"column":90}},"3":{"start":{"line":5,"column":18},"end":{"line":5,"column":41}},"4":{"start":{"line":7,"column":15},"end":{"line":7,"column":31}},"5":{"start":{"line":12,"column":0},"end":{"line":28,"column":3}},"6":{"start":{"line":13,"column":23},"end":{"line":13,"column":51}},"7":{"start":{"line":14,"column":4},"end":{"line":16,"column":5}},"8":{"start":{"line":15,"column":8},"end":{"line":15,"column":60}},"9":{"start":{"line":17,"column":4},"end":{"line":27,"column":5}},"10":{"start":{"line":18,"column":22},"end":{"line":18,"column":46}},"11":{"start":{"line":19,"column":24},"end":{"line":19,"column":54}},"12":{"start":{"line":20,"column":8},"end":{"line":22,"column":9}},"13":{"start":{"line":21,"column":12},"end":{"line":21,"column":64}},"14":{"start":{"line":23,"column":25},"end":{"line":23,"column":69}},"15":{"start":{"line":24,"column":8},"end":{"line":24,"column":46}},"16":{"start":{"line":26,"column":8},"end":{"line":26,"column":62}},"17":{"start":{"line":31,"column":0},"end":{"line":38,"column":3}},"18":{"start":{"line":32,"column":4},"end":{"line":37,"column":5}},"19":{"start":{"line":33,"column":25},"end":{"line":33,"column":45}},"20":{"start":{"line":34,"column":8},"end":{"line":34,"column":46}},"21":{"start":{"line":36,"column":8},"end":{"line":36,"column":62}},"22":{"start":{"line":42,"column":0},"end":{"line":77,"column":3}},"23":{"start":{"line":43,"column":38},"end":{"line":43,"column":46}},"24":{"start":{"line":45,"column":4},"end":{"line":47,"column":5}},"25":{"start":{"line":46,"column":8},"end":{"line":46,"column":89}},"26":{"start":{"line":49,"column":4},"end":{"line":76,"column":5}},"27":{"start":{"line":50,"column":31},"end":{"line":50,"column":42}},"28":{"start":{"line":51,"column":32},"end":{"line":51,"column":58}},"29":{"start":{"line":53,"column":32},"end":{"line":53,"column":81}},"30":{"start":{"line":54,"column":8},"end":{"line":56,"column":9}},"31":{"start":{"line":55,"column":12},"end":{"line":55,"column":75}},"32":{"start":{"line":58,"column":24},"end":{"line":62,"column":10}},"33":{"start":{"line":64,"column":8},"end":{"line":70,"column":11}},"34":{"start":{"line":72,"column":8},"end":{"line":74,"column":9}},"35":{"start":{"line":73,"column":12},"end":{"line":73,"column":75}},"36":{"start":{"line":75,"column":8},"end":{"line":75,"column":62}},"37":{"start":{"line":82,"column":0},"end":{"line":97,"column":2}},"38":{"start":{"line":87,"column":8},"end":{"line":95,"column":9}},"39":{"start":{"line":88,"column":28},"end":{"line":88,"column":85}},"40":{"start":{"line":89,"column":12},"end":{"line":91,"column":13}},"41":{"start":{"line":90,"column":16},"end":{"line":90,"column":76}},"42":{"start":{"line":92,"column":12},"end":{"line":92,"column":49}},"43":{"start":{"line":94,"column":12},"end":{"line":94,"column":66}},"44":{"start":{"line":103,"column":0},"end":{"line":136,"column":2}},"45":{"start":{"line":108,"column":32},"end":{"line":108,"column":40}},"46":{"start":{"line":110,"column":24},"end":{"line":110,"column":26}},"47":{"start":{"line":111,"column":8},"end":{"line":111,"column":45}},"48":{"start":{"line":111,"column":18},"end":{"line":111,"column":45}},"49":{"start":{"line":112,"column":8},"end":{"line":112,"column":62}},"50":{"start":{"line":112,"column":19},"end":{"line":112,"column":62}},"51":{"start":{"line":114,"column":8},"end":{"line":116,"column":9}},"52":{"start":{"line":115,"column":12},"end":{"line":115,"column":90}},"53":{"start":{"line":118,"column":8},"end":{"line":134,"column":9}},"54":{"start":{"line":119,"column":28},"end":{"line":123,"column":33}},"55":{"start":{"line":125,"column":12},"end":{"line":127,"column":13}},"56":{"start":{"line":126,"column":16},"end":{"line":126,"column":76}},"57":{"start":{"line":128,"column":12},"end":{"line":128,"column":49}},"58":{"start":{"line":130,"column":12},"end":{"line":132,"column":13}},"59":{"start":{"line":131,"column":16},"end":{"line":131,"column":79}},"60":{"start":{"line":133,"column":12},"end":{"line":133,"column":66}},"61":{"start":{"line":140,"column":0},"end":{"line":150,"column":3}},"62":{"start":{"line":141,"column":4},"end":{"line":149,"column":5}},"63":{"start":{"line":142,"column":24},"end":{"line":142,"column":70}},"64":{"start":{"line":143,"column":8},"end":{"line":145,"column":9}},"65":{"start":{"line":144,"column":12},"end":{"line":144,"column":72}},"66":{"start":{"line":146,"column":8},"end":{"line":146,"column":81}},"67":{"start":{"line":148,"column":8},"end":{"line":148,"column":62}},"68":{"start":{"line":152,"column":0},"end":{"line":152,"column":24}}},"fnMap":{"0":{"name":"(anonymous_0)","decl":{"start":{"line":12,"column":24},"end":{"line":12,"column":25}},"loc":{"start":{"line":12,"column":44},"end":{"line":28,"column":1}},"line":12},"1":{"name":"(anonymous_1)","decl":{"start":{"line":31,"column":106},"end":{"line":31,"column":107}},"loc":{"start":{"line":31,"column":127},"end":{"line":38,"column":1}},"line":31},"2":{"name":"(anonymous_2)","decl":{"start":{"line":42,"column":17},"end":{"line":42,"column":18}},"loc":{"start":{"line":42,"column":37},"end":{"line":77,"column":1}},"line":42},"3":{"name":"(anonymous_3)","decl":{"start":{"line":86,"column":4},"end":{"line":86,"column":5}},"loc":{"start":{"line":86,"column":24},"end":{"line":96,"column":5}},"line":86},"4":{"name":"(anonymous_4)","decl":{"start":{"line":107,"column":4},"end":{"line":107,"column":5}},"loc":{"start":{"line":107,"column":24},"end":{"line":135,"column":5}},"line":107},"5":{"name":"(anonymous_5)","decl":{"start":{"line":140,"column":49},"end":{"line":140,"column":50}},"loc":{"start":{"line":140,"column":69},"end":{"line":150,"column":1}},"line":140}},"branchMap":{"0":{"loc":{"start":{"line":14,"column":4},"end":{"line":16,"column":5}},"type":"if","locations":[{"start":{"line":14,"column":4},"end":{"line":16,"column":5}},{"start":{},"end":{}}],"line":14},"1":{"loc":{"start":{"line":14,"column":8},"end":{"line":14,"column":56}},"type":"binary-expr","locations":[{"start":{"line":14,"column":8},"end":{"line":14,"column":19}},{"start":{"line":14,"column":23},"end":{"line":14,"column":56}}],"line":14},"2":{"loc":{"start":{"line":20,"column":8},"end":{"line":22,"column":9}},"type":"if","locations":[{"start":{"line":20,"column":8},"end":{"line":22,"column":9}},{"start":{},"end":{}}],"line":20},"3":{"loc":{"start":{"line":45,"column":4},"end":{"line":47,"column":5}},"type":"if","locations":[{"start":{"line":45,"column":4},"end":{"line":47,"column":5}},{"start":{},"end":{}}],"line":45},"4":{"loc":{"start":{"line":45,"column":8},"end":{"line":45,"column":36}},"type":"binary-expr","locations":[{"start":{"line":45,"column":8},"end":{"line":45,"column":13}},{"start":{"line":45,"column":17},"end":{"line":45,"column":23}},{"start":{"line":45,"column":27},"end":{"line":45,"column":36}}],"line":45},"5":{"loc":{"start":{"line":54,"column":8},"end":{"line":56,"column":9}},"type":"if","locations":[{"start":{"line":54,"column":8},"end":{"line":56,"column":9}},{"start":{},"end":{}}],"line":54},"6":{"loc":{"start":{"line":72,"column":8},"end":{"line":74,"column":9}},"type":"if","locations":[{"start":{"line":72,"column":8},"end":{"line":74,"column":9}},{"start":{},"end":{}}],"line":72},"7":{"loc":{"start":{"line":72,"column":12},"end":{"line":72,"column":41}},"type":"binary-expr","locations":[{"start":{"line":72,"column":12},"end":{"line":72,"column":17}},{"start":{"line":72,"column":21},"end":{"line":72,"column":41}}],"line":72},"8":{"loc":{"start":{"line":89,"column":12},"end":{"line":91,"column":13}},"type":"if","locations":[{"start":{"line":89,"column":12},"end":{"line":91,"column":13}},{"start":{},"end":{}}],"line":89},"9":{"loc":{"start":{"line":111,"column":8},"end":{"line":111,"column":45}},"type":"if","locations":[{"start":{"line":111,"column":8},"end":{"line":111,"column":45}},{"start":{},"end":{}}],"line":111},"10":{"loc":{"start":{"line":112,"column":8},"end":{"line":112,"column":62}},"type":"if","locations":[{"start":{"line":112,"column":8},"end":{"line":112,"column":62}},{"start":{},"end":{}}],"line":112},"11":{"loc":{"start":{"line":114,"column":8},"end":{"line":116,"column":9}},"type":"if","locations":[{"start":{"line":114,"column":8},"end":{"line":116,"column":9}},{"start":{},"end":{}}],"line":114},"12":{"loc":{"start":{"line":125,"column":12},"end":{"line":127,"column":13}},"type":"if","locations":[{"start":{"line":125,"column":12},"end":{"line":127,"column":13}},{"start":{},"end":{}}],"line":125},"13":{"loc":{"start":{"line":130,"column":12},"end":{"line":132,"column":13}},"type":"if","locations":[{"start":{"line":130,"column":12},"end":{"line":132,"column":13}},{"start":{},"end":{}}],"line":130},"14":{"loc":{"start":{"line":143,"column":8},"end":{"line":145,"column":9}},"type":"if","locations":[{"start":{"line":143,"column":8},"end":{"line":145,"column":9}},{"start":{},"end":{}}],"line":143}},"s":{"0":0,"1":0,"2":0,"3":0,"4":0,"5":0,"6":0,"7":0,"8":0,"9":0,"10":0,"11":0,"12":0,"13":0,"14":0,"15":0,"16":0,"17":0,"18":0,"19":0,"20":0,"21":0,"22":0,"23":0,"24":0,"25":0,"26":0,"27":0,"28":0,"29":0,"30":0,"31":0,"32":0,"33":0,"34":0,"35":0,"36":0,"37":0,"38":0,"39":0,"40":0,"41":0,"42":0,"43":0,"44":0,"45":0,"46":0,"47":0,"48":0,"49":0,"50":0,"51":0,"52":0,"53":0,"54":0,"55":0,"56":0,"57":0,"58":0,"59":0,"60":0,"61":0,"62":0,"63":0,"64":0,"65":0,"66":0,"67":0,"68":0},"f":{"0":0,"1":0,"2":0,"3":0,"4":0,"5":0},"b":{"0":[0,0],"1":[0,0],"2":[0,0],"3":[0,0],"4":[0,0,0],"5":[0,0],"6":[0,0],"7":[0,0],"8":[0,0],"9":[0,0],"10":[0,0],"11":[0,0],"12":[0,0],"13":[0,0],"14":[0,0]},"inputSourceMap":null}
,"/Users/Sudhanshu/Developer/srh/SMS/SMS-Template/studentService/routes/auth/util.js": {"path":"/Users/Sudhanshu/Developer/srh/SMS/SMS-Template/studentService/routes/auth/util.js","statementMap":{"0":{"start":{"line":1,"column":12},"end":{"line":1,"column":35}},"1":{"start":{"line":2,"column":15},"end":{"line":2,"column":32}},"2":{"start":{"line":3,"column":14},"end":{"line":3,"column":30}},"3":{"start":{"line":4,"column":29},"end":{"line":4,"column":62}},"4":{"start":{"line":5,"column":33},"end":{"line":5,"column":60}},"5":{"start":{"line":6,"column":17},"end":{"line":6,"column":38}},"6":{"start":{"line":7,"column":18},"end":{"line":7,"column":44}},"7":{"start":{"line":9,"column":0},"end":{"line":9,"column":16}},"8":{"start":{"line":12,"column":23},"end":{"line":12,"column":44}},"9":{"start":{"line":14,"column":22},"end":{"line":14,"column":36}},"10":{"start":{"line":15,"column":0},"end":{"line":22,"column":3}},"11":{"start":{"line":16,"column":2},"end":{"line":20,"column":16}},"12":{"start":{"line":17,"column":16},"end":{"line":17,"column":34}},"13":{"start":{"line":18,"column":4},"end":{"line":18,"column":54}},"14":{"start":{"line":18,"column":13},"end":{"line":18,"column":54}},"15":{"start":{"line":19,"column":4},"end":{"line":19,"column":95}},"16":{"start":{"line":21,"column":2},"end":{"line":21,"column":16}},"17":{"start":{"line":23,"column":0},"end":{"line":26,"column":3}},"18":{"start":{"line":23,"column":47},"end":{"line":23,"column":48}},"19":{"start":{"line":24,"column":2},"end":{"line":24,"column":128}},"20":{"start":{"line":24,"column":8},"end":{"line":24,"column":113}},"21":{"start":{"line":25,"column":2},"end":{"line":25,"column":29}},"22":{"start":{"line":29,"column":19},"end":{"line":29,"column":47}},"23":{"start":{"line":30,"column":2},"end":{"line":30,"column":28}},"24":{"start":{"line":34,"column":14},"end":{"line":34,"column":45}},"25":{"start":{"line":34,"column":31},"end":{"line":34,"column":44}},"26":{"start":{"line":36,"column":2},"end":{"line":38,"column":3}},"27":{"start":{"line":37,"column":4},"end":{"line":37,"column":75}},"28":{"start":{"line":40,"column":2},"end":{"line":40,"column":23}},"29":{"start":{"line":44,"column":24},"end":{"line":44,"column":68}},"30":{"start":{"line":45,"column":28},"end":{"line":45,"column":41}},"31":{"start":{"line":47,"column":2},"end":{"line":49,"column":3}},"32":{"start":{"line":48,"column":4},"end":{"line":48,"column":60}},"33":{"start":{"line":51,"column":2},"end":{"line":53,"column":3}},"34":{"start":{"line":52,"column":4},"end":{"line":52,"column":53}},"35":{"start":{"line":55,"column":2},"end":{"line":57,"column":3}},"36":{"start":{"line":55,"column":39},"end":{"line":55,"column":61}},"37":{"start":{"line":56,"column":4},"end":{"line":56,"column":60}},"38":{"start":{"line":59,"column":15},"end":{"line":59,"column":35}},"39":{"start":{"line":60,"column":20},"end":{"line":60,"column":51}},"40":{"start":{"line":62,"column":2},"end":{"line":62,"column":65}},"41":{"start":{"line":66,"column":2},"end":{"line":89,"column":4}},"42":{"start":{"line":68,"column":6},"end":{"line":68,"column":74}},"43":{"start":{"line":70,"column":4},"end":{"line":72,"column":5}},"44":{"start":{"line":71,"column":6},"end":{"line":71,"column":81}},"45":{"start":{"line":74,"column":4},"end":{"line":88,"column":5}},"46":{"start":{"line":75,"column":22},"end":{"line":75,"column":52}},"47":{"start":{"line":76,"column":6},"end":{"line":76,"column":25}},"48":{"start":{"line":78,"column":24},"end":{"line":78,"column":44}},"49":{"start":{"line":79,"column":30},"end":{"line":79,"column":84}},"50":{"start":{"line":79,"column":55},"end":{"line":79,"column":83}},"51":{"start":{"line":80,"column":6},"end":{"line":84,"column":7}},"52":{"start":{"line":81,"column":8},"end":{"line":81,"column":22}},"53":{"start":{"line":83,"column":8},"end":{"line":83,"column":88}},"54":{"start":{"line":86,"column":6},"end":{"line":86,"column":27}},"55":{"start":{"line":87,"column":6},"end":{"line":87,"column":97}},"56":{"start":{"line":93,"column":2},"end":{"line":100,"column":3}},"57":{"start":{"line":97,"column":4},"end":{"line":99,"column":7}},"58":{"start":{"line":101,"column":2},"end":{"line":101,"column":9}},"59":{"start":{"line":104,"column":0},"end":{"line":108,"column":2}}},"fnMap":{"0":{"name":"(anonymous_0)","decl":{"start":{"line":15,"column":39},"end":{"line":15,"column":40}},"loc":{"start":{"line":15,"column":51},"end":{"line":22,"column":1}},"line":15},"1":{"name":"(anonymous_1)","decl":{"start":{"line":23,"column":40},"end":{"line":23,"column":41}},"loc":{"start":{"line":23,"column":47},"end":{"line":23,"column":48}},"line":23},"2":{"name":"(anonymous_2)","decl":{"start":{"line":23,"column":50},"end":{"line":23,"column":51}},"loc":{"start":{"line":23,"column":59},"end":{"line":26,"column":1}},"line":23},"3":{"name":"fetchJWKS","decl":{"start":{"line":28,"column":15},"end":{"line":28,"column":24}},"loc":{"start":{"line":28,"column":30},"end":{"line":31,"column":1}},"line":28},"4":{"name":"getPublicKeyFromJWKS","decl":{"start":{"line":33,"column":9},"end":{"line":33,"column":29}},"loc":{"start":{"line":33,"column":41},"end":{"line":41,"column":1}},"line":33},"5":{"name":"(anonymous_5)","decl":{"start":{"line":34,"column":24},"end":{"line":34,"column":25}},"loc":{"start":{"line":34,"column":31},"end":{"line":34,"column":44}},"line":34},"6":{"name":"verifyJWTWithJWKS","decl":{"start":{"line":43,"column":15},"end":{"line":43,"column":32}},"loc":{"start":{"line":43,"column":40},"end":{"line":63,"column":1}},"line":43},"7":{"name":"(anonymous_7)","decl":{"start":{"line":55,"column":27},"end":{"line":55,"column":28}},"loc":{"start":{"line":55,"column":39},"end":{"line":55,"column":61}},"line":55},"8":{"name":"verifyRole","decl":{"start":{"line":65,"column":9},"end":{"line":65,"column":19}},"loc":{"start":{"line":65,"column":35},"end":{"line":90,"column":1}},"line":65},"9":{"name":"(anonymous_9)","decl":{"start":{"line":66,"column":9},"end":{"line":66,"column":10}},"loc":{"start":{"line":66,"column":35},"end":{"line":89,"column":3}},"line":66},"10":{"name":"(anonymous_10)","decl":{"start":{"line":79,"column":45},"end":{"line":79,"column":46}},"loc":{"start":{"line":79,"column":55},"end":{"line":79,"column":83}},"line":79},"11":{"name":"restrictStudentToOwnData","decl":{"start":{"line":92,"column":9},"end":{"line":92,"column":33}},"loc":{"start":{"line":92,"column":50},"end":{"line":102,"column":1}},"line":92}},"branchMap":{"0":{"loc":{"start":{"line":18,"column":4},"end":{"line":18,"column":54}},"type":"if","locations":[{"start":{"line":18,"column":4},"end":{"line":18,"column":54}},{"start":{},"end":{}}],"line":18},"1":{"loc":{"start":{"line":24,"column":63},"end":{"line":24,"column":81}},"type":"binary-expr","locations":[{"start":{"line":24,"column":63},"end":{"line":24,"column":66}},{"start":{"line":24,"column":70},"end":{"line":24,"column":81}}],"line":24},"2":{"loc":{"start":{"line":36,"column":2},"end":{"line":38,"column":3}},"type":"if","locations":[{"start":{"line":36,"column":2},"end":{"line":38,"column":3}},{"start":{},"end":{}}],"line":36},"3":{"loc":{"start":{"line":47,"column":2},"end":{"line":49,"column":3}},"type":"if","locations":[{"start":{"line":47,"column":2},"end":{"line":49,"column":3}},{"start":{},"end":{}}],"line":47},"4":{"loc":{"start":{"line":47,"column":6},"end":{"line":47,"column":18}},"type":"binary-expr","locations":[{"start":{"line":47,"column":6},"end":{"line":47,"column":10}},{"start":{"line":47,"column":14},"end":{"line":47,"column":18}}],"line":47},"5":{"loc":{"start":{"line":51,"column":2},"end":{"line":53,"column":3}},"type":"if","locations":[{"start":{"line":51,"column":2},"end":{"line":53,"column":3}},{"start":{},"end":{}}],"line":51},"6":{"loc":{"start":{"line":55,"column":2},"end":{"line":57,"column":3}},"type":"if","locations":[{"start":{"line":55,"column":2},"end":{"line":57,"column":3}},{"start":{},"end":{}}],"line":55},"7":{"loc":{"start":{"line":68,"column":6},"end":{"line":68,"column":74}},"type":"binary-expr","locations":[{"start":{"line":68,"column":6},"end":{"line":68,"column":31}},{"start":{"line":68,"column":35},"end":{"line":68,"column":74}}],"line":68},"8":{"loc":{"start":{"line":70,"column":4},"end":{"line":72,"column":5}},"type":"if","locations":[{"start":{"line":70,"column":4},"end":{"line":72,"column":5}},{"start":{},"end":{}}],"line":70},"9":{"loc":{"start":{"line":78,"column":24},"end":{"line":78,"column":44}},"type":"binary-expr","locations":[{"start":{"line":78,"column":24},"end":{"line":78,"column":38}},{"start":{"line":78,"column":42},"end":{"line":78,"column":44}}],"line":78},"10":{"loc":{"start":{"line":80,"column":6},"end":{"line":84,"column":7}},"type":"if","locations":[{"start":{"line":80,"column":6},"end":{"line":84,"column":7}},{"start":{"line":82,"column":13},"end":{"line":84,"column":7}}],"line":80},"11":{"loc":{"start":{"line":93,"column":2},"end":{"line":100,"column":3}},"type":"if","locations":[{"start":{"line":93,"column":2},"end":{"line":100,"column":3}},{"start":{},"end":{}}],"line":93},"12":{"loc":{"start":{"line":94,"column":4},"end":{"line":95,"column":33}},"type":"binary-expr","locations":[{"start":{"line":94,"column":4},"end":{"line":94,"column":42}},{"start":{"line":95,"column":4},"end":{"line":95,"column":33}}],"line":94}},"s":{"0":0,"1":0,"2":0,"3":0,"4":0,"5":0,"6":0,"7":0,"8":0,"9":0,"10":0,"11":0,"12":0,"13":0,"14":0,"15":0,"16":0,"17":0,"18":0,"19":0,"20":0,"21":0,"22":0,"23":0,"24":0,"25":0,"26":0,"27":0,"28":0,"29":0,"30":0,"31":0,"32":0,"33":0,"34":0,"35":0,"36":0,"37":0,"38":0,"39":0,"40":0,"41":0,"42":0,"43":0,"44":0,"45":0,"46":0,"47":0,"48":0,"49":0,"50":0,"51":0,"52":0,"53":0,"54":0,"55":0,"56":0,"57":0,"58":0,"59":0},"f":{"0":0,"1":0,"2":0,"3":0,"4":0,"5":0,"6":0,"7":0,"8":0,"9":0,"10":0,"11":0},"b":{"0":[0,0],"1":[0,0],"2":[0,0],"3":[0,0],"4":[0,0],"5":[0,0],"6":[0,0],"7":[0,0],"8":[0,0],"9":[0,0],"10":[0,0],"11":[0,0],"12":[0,0]},"inputSourceMap":null}
}
